This is pdfTeX, Version 3.1415926-2.4-1.40.13 (TeX Live 2012/Debian) (format=pdflatex 2013.6.3)  27 SEP 2013 18:02
entering extended mode
 restricted \write18 enabled.
 %&-line parsing enabled.
**usenix-nsdi2014.tex
(./usenix-nsdi2014.tex
LaTeX2e <2011/06/27>
Babel <v3.8m> and hyphenation patterns for english, dumylang, nohyphenation, lo
aded.
(/usr/share/texlive/texmf-dist/tex/latex/base/article.cls
Document Class: article 2007/10/19 v1.4h Standard LaTeX document class
(/usr/share/texlive/texmf-dist/tex/latex/base/size10.clo
File: size10.clo 2007/10/19 v1.4h Standard LaTeX file (size option)
)
\c@part=\count79
\c@section=\count80
\c@subsection=\count81
\c@subsubsection=\count82
\c@paragraph=\count83
\c@subparagraph=\count84
\c@figure=\count85
\c@table=\count86
\abovecaptionskip=\skip41
\belowcaptionskip=\skip42
\bibindent=\dimen102
)
(/usr/share/texlive/texmf-dist/tex/latex/graphics/epsfig.sty
Package: epsfig 1999/02/16 v1.7a (e)psfig emulation (SPQR)

(/usr/share/texlive/texmf-dist/tex/latex/graphics/graphicx.sty
Package: graphicx 1999/02/16 v1.0f Enhanced LaTeX Graphics (DPC,SPQR)

(/usr/share/texlive/texmf-dist/tex/latex/graphics/keyval.sty
Package: keyval 1999/03/16 v1.13 key=value parser (DPC)
\KV@toks@=\toks14
)
(/usr/share/texlive/texmf-dist/tex/latex/graphics/graphics.sty
Package: graphics 2009/02/05 v1.0o Standard LaTeX Graphics (DPC,SPQR)

(/usr/share/texlive/texmf-dist/tex/latex/graphics/trig.sty
Package: trig 1999/03/16 v1.09 sin cos tan (DPC)
)
(/usr/share/texlive/texmf-dist/tex/latex/latexconfig/graphics.cfg
File: graphics.cfg 2010/04/23 v1.9 graphics configuration of TeX Live
)
Package graphics Info: Driver file: pdftex.def on input line 91.

(/usr/share/texlive/texmf-dist/tex/latex/pdftex-def/pdftex.def
File: pdftex.def 2011/05/27 v0.06d Graphics/color for pdfTeX

(/usr/share/texlive/texmf-dist/tex/generic/oberdiek/infwarerr.sty
Package: infwarerr 2010/04/08 v1.3 Providing info/warning/error messages (HO)
)
(/usr/share/texlive/texmf-dist/tex/generic/oberdiek/ltxcmds.sty
Package: ltxcmds 2011/11/09 v1.22 LaTeX kernel commands for general use (HO)
)
\Gread@gobject=\count87
))
\Gin@req@height=\dimen103
\Gin@req@width=\dimen104
)
\epsfxsize=\dimen105
\epsfysize=\dimen106
)
(/usr/share/texlive/texmf-dist/tex/latex/float/float.sty
Package: float 2001/11/08 v1.3d Float enhancements (AL)
\c@float@type=\count88
\float@exts=\toks15
\float@box=\box26
\@float@everytoks=\toks16
\@floatcapt=\box27
)
(/usr/share/texlive/texmf-dist/tex/latex/url/url.sty
\Urlmuskip=\muskip10
Package: url 2006/04/12  ver 3.3  Verb mode for urls, etc.
)
(/usr/share/texlive/texmf-dist/tex/latex/tools/longtable.sty
Package: longtable 2004/02/01 v4.11 Multi-page Table package (DPC)
\LTleft=\skip43
\LTright=\skip44
\LTpre=\skip45
\LTpost=\skip46
\LTchunksize=\count89
\LTcapwidth=\dimen107
\LT@head=\box28
\LT@firsthead=\box29
\LT@foot=\box30
\LT@lastfoot=\box31
\LT@cols=\count90
\LT@rows=\count91
\c@LT@tables=\count92
\c@LT@chunks=\count93
\LT@p@ftn=\toks17
)
(/usr/share/texlive/texmf-dist/tex/latex/psnfss/mathptmx.sty
Package: mathptmx 2005/04/12 PSNFSS-v9.2a Times w/ Math, improved (SPQR, WaS) 
LaTeX Font Info:    Redeclaring symbol font `operators' on input line 28.
LaTeX Font Info:    Overwriting symbol font `operators' in version `normal'
(Font)                  OT1/cmr/m/n --> OT1/ztmcm/m/n on input line 28.
LaTeX Font Info:    Overwriting symbol font `operators' in version `bold'
(Font)                  OT1/cmr/bx/n --> OT1/ztmcm/m/n on input line 28.
LaTeX Font Info:    Redeclaring symbol font `letters' on input line 29.
LaTeX Font Info:    Overwriting symbol font `letters' in version `normal'
(Font)                  OML/cmm/m/it --> OML/ztmcm/m/it on input line 29.
LaTeX Font Info:    Overwriting symbol font `letters' in version `bold'
(Font)                  OML/cmm/b/it --> OML/ztmcm/m/it on input line 29.
LaTeX Font Info:    Redeclaring symbol font `symbols' on input line 30.
LaTeX Font Info:    Overwriting symbol font `symbols' in version `normal'
(Font)                  OMS/cmsy/m/n --> OMS/ztmcm/m/n on input line 30.
LaTeX Font Info:    Overwriting symbol font `symbols' in version `bold'
(Font)                  OMS/cmsy/b/n --> OMS/ztmcm/m/n on input line 30.
LaTeX Font Info:    Redeclaring symbol font `largesymbols' on input line 31.
LaTeX Font Info:    Overwriting symbol font `largesymbols' in version `normal'
(Font)                  OMX/cmex/m/n --> OMX/ztmcm/m/n on input line 31.
LaTeX Font Info:    Overwriting symbol font `largesymbols' in version `bold'
(Font)                  OMX/cmex/m/n --> OMX/ztmcm/m/n on input line 31.
\symbold=\mathgroup4
\symitalic=\mathgroup5
LaTeX Font Info:    Redeclaring math alphabet \mathbf on input line 34.
LaTeX Font Info:    Overwriting math alphabet `\mathbf' in version `normal'
(Font)                  OT1/cmr/bx/n --> OT1/ptm/bx/n on input line 34.
LaTeX Font Info:    Overwriting math alphabet `\mathbf' in version `bold'
(Font)                  OT1/cmr/bx/n --> OT1/ptm/bx/n on input line 34.
LaTeX Font Info:    Redeclaring math alphabet \mathit on input line 35.
LaTeX Font Info:    Overwriting math alphabet `\mathit' in version `normal'
(Font)                  OT1/cmr/m/it --> OT1/ptm/m/it on input line 35.
LaTeX Font Info:    Overwriting math alphabet `\mathit' in version `bold'
(Font)                  OT1/cmr/bx/it --> OT1/ptm/m/it on input line 35.
LaTeX Info: Redefining \hbar on input line 50.
) (./usenix.sty)
(/usr/share/texlive/texmf-dist/tex/latex/enumitem/enumitem.sty
Package: enumitem 2011/09/28 v3.5.2 Customized lists
\labelindent=\skip47
\enit@outerparindent=\dimen108
\enit@toks=\toks18
\enit@inbox=\box32
\enitdp@description=\count94
)
(./usenix-nsdi2014.aux)
\openout1 = `usenix-nsdi2014.aux'.

LaTeX Font Info:    Checking defaults for OML/cmm/m/it on input line 40.
LaTeX Font Info:    ... okay on input line 40.
LaTeX Font Info:    Checking defaults for T1/cmr/m/n on input line 40.
LaTeX Font Info:    ... okay on input line 40.
LaTeX Font Info:    Checking defaults for OT1/cmr/m/n on input line 40.
LaTeX Font Info:    ... okay on input line 40.
LaTeX Font Info:    Checking defaults for OMS/cmsy/m/n on input line 40.
LaTeX Font Info:    ... okay on input line 40.
LaTeX Font Info:    Checking defaults for OMX/cmex/m/n on input line 40.
LaTeX Font Info:    ... okay on input line 40.
LaTeX Font Info:    Checking defaults for U/cmr/m/n on input line 40.
LaTeX Font Info:    ... okay on input line 40.
LaTeX Font Info:    Try loading font information for OT1+ptm on input line 40.

(/usr/share/texlive/texmf-dist/tex/latex/psnfss/ot1ptm.fd
File: ot1ptm.fd 2001/06/04 font definitions for OT1/ptm.
)
(/usr/share/texlive/texmf-dist/tex/context/base/supp-pdf.mkii
[Loading MPS to PDF converter (version 2006.09.02).]
\scratchcounter=\count95
\scratchdimen=\dimen109
\scratchbox=\box33
\nofMPsegments=\count96
\nofMParguments=\count97
\everyMPshowfont=\toks19
\MPscratchCnt=\count98
\MPscratchDim=\dimen110
\MPnumerator=\count99
\makeMPintoPDFobject=\count100
\everyMPtoPDFconversion=\toks20
) (/usr/share/texlive/texmf-dist/tex/generic/oberdiek/pdftexcmds.sty
Package: pdftexcmds 2011/11/29 v0.20 Utility functions of pdfTeX for LuaTeX (HO
)

(/usr/share/texlive/texmf-dist/tex/generic/oberdiek/ifluatex.sty
Package: ifluatex 2010/03/01 v1.3 Provides the ifluatex switch (HO)
Package ifluatex Info: LuaTeX not detected.
)
(/usr/share/texlive/texmf-dist/tex/generic/oberdiek/ifpdf.sty
Package: ifpdf 2011/01/30 v2.3 Provides the ifpdf switch (HO)
Package ifpdf Info: pdfTeX in PDF mode is detected.
)
Package pdftexcmds Info: LuaTeX not detected.
Package pdftexcmds Info: \pdf@primitive is available.
Package pdftexcmds Info: \pdf@ifprimitive is available.
Package pdftexcmds Info: \pdfdraftmode found.
)
(/usr/share/texlive/texmf-dist/tex/latex/oberdiek/epstopdf-base.sty
Package: epstopdf-base 2010/02/09 v2.5 Base part for package epstopdf

(/usr/share/texlive/texmf-dist/tex/latex/oberdiek/grfext.sty
Package: grfext 2010/08/19 v1.1 Manage graphics extensions (HO)

(/usr/share/texlive/texmf-dist/tex/generic/oberdiek/kvdefinekeys.sty
Package: kvdefinekeys 2011/04/07 v1.3 Define keys (HO)
))
(/usr/share/texlive/texmf-dist/tex/latex/oberdiek/kvoptions.sty
Package: kvoptions 2011/06/30 v3.11 Key value format for package options (HO)

(/usr/share/texlive/texmf-dist/tex/generic/oberdiek/kvsetkeys.sty
Package: kvsetkeys 2012/04/25 v1.16 Key value parser (HO)

(/usr/share/texlive/texmf-dist/tex/generic/oberdiek/etexcmds.sty
Package: etexcmds 2011/02/16 v1.5 Avoid name clashes with e-TeX commands (HO)
Package etexcmds Info: Could not find \expanded.
(etexcmds)             That can mean that you are not using pdfTeX 1.50 or
(etexcmds)             that some package has redefined \expanded.
(etexcmds)             In the latter case, load this package earlier.
)))
Package grfext Info: Graphics extension search list:
(grfext)             [.png,.pdf,.jpg,.mps,.jpeg,.jbig2,.jb2,.PNG,.PDF,.JPG,.JPE
G,.JBIG2,.JB2,.eps]
(grfext)             \AppendGraphicsExtensions on input line 452.

(/usr/share/texlive/texmf-dist/tex/latex/latexconfig/epstopdf-sys.cfg
File: epstopdf-sys.cfg 2010/07/13 v1.3 Configuration of (r)epstopdf for TeX Liv
e
))
\big@size=\dimen111
LaTeX Font Info:    Font shape `OT1/ptm/bx/n' in size <14.4> not available
(Font)              Font shape `OT1/ptm/b/n' tried instead on input line 61.
LaTeX Font Info:    Try loading font information for OT1+ztmcm on input line 61
.

(/usr/share/texlive/texmf-dist/tex/latex/psnfss/ot1ztmcm.fd
File: ot1ztmcm.fd 2000/01/03 Fontinst v1.801 font definitions for OT1/ztmcm.
)
LaTeX Font Info:    Try loading font information for OML+ztmcm on input line 61
.

(/usr/share/texlive/texmf-dist/tex/latex/psnfss/omlztmcm.fd
File: omlztmcm.fd 2000/01/03 Fontinst v1.801 font definitions for OML/ztmcm.
)
LaTeX Font Info:    Try loading font information for OMS+ztmcm on input line 61
.

(/usr/share/texlive/texmf-dist/tex/latex/psnfss/omsztmcm.fd
File: omsztmcm.fd 2000/01/03 Fontinst v1.801 font definitions for OMS/ztmcm.
)
LaTeX Font Info:    Try loading font information for OMX+ztmcm on input line 61
.

(/usr/share/texlive/texmf-dist/tex/latex/psnfss/omxztmcm.fd
File: omxztmcm.fd 2000/01/03 Fontinst v1.801 font definitions for OMX/ztmcm.
)
LaTeX Font Info:    Font shape `OT1/ptm/bx/n' in size <12> not available
(Font)              Font shape `OT1/ptm/b/n' tried instead on input line 61.
LaTeX Font Info:    Font shape `OT1/ptm/bx/n' in size <9> not available
(Font)              Font shape `OT1/ptm/b/n' tried instead on input line 61.
LaTeX Font Info:    Font shape `OT1/ptm/bx/n' in size <7> not available
(Font)              Font shape `OT1/ptm/b/n' tried instead on input line 61.
 (./abstract.tex
LaTeX Font Info:    Font shape `OT1/ptm/bx/n' in size <10> not available
(Font)              Font shape `OT1/ptm/b/n' tried instead on input line 1.
)
(./alt-intro.tex) (./motivation.tex
Underfull \vbox (badness 10000) has occurred while \output is active []

 [1{/var/lib/texmf/fonts/map/pdftex/updmap/pdftex.map}


]
Underfull \hbox (badness 3128) in paragraph at lines 74--80
[]\OT1/ptm/m/n/10 While some VDI im-ple-men-ta-tions [[], []] use
 []

[2]) (./design.tex
Underfull \hbox (badness 1824) in paragraph at lines 49--56
[]\OT1/ptm/m/n/10 Uploads writ-ten data to cloud stor-age
 []

<figures/Syndicate-fig.pdf, id=13, 551.99683pt x 467.37024pt>
File: figures/Syndicate-fig.pdf Graphic file (type pdf)

<use figures/Syndicate-fig.pdf>
Package pdftex.def Info: figures/Syndicate-fig.pdf used on input line 71.
(pdftex.def)             Requested size: 234.87749pt x 198.86862pt.

Overfull \hbox (9.03374pt too wide) in paragraph at lines 71--72
 [][] 
 []


LaTeX Warning: `!h' float specifier changed to `!ht'.

[3]
Package epstopdf Info: Source file: <figures/manifest.eps>
(epstopdf)                    date: 2013-09-20 15:13:21
(epstopdf)                    size: 150116 bytes
(epstopdf)             Output file: <figures/manifest-eps-converted-to.pdf>
(epstopdf)                    date: 2013-09-20 15:13:27
(epstopdf)                    size: 62818 bytes
(epstopdf)             Command: <repstopdf --outfile=figures/manifest-eps-conve
rted-to.pdf figures/manifest.eps>
(epstopdf)             \includegraphics on input line 115.
Package epstopdf Info: Output file is already uptodate.
 <figures/manifest-eps-converted-to.pdf, id=17, 882.29625pt x 574.145pt>
File: figures/manifest-eps-converted-to.pdf Graphic file (type pdf)

<use figures/manifest-eps-converted-to.pdf>
Package pdftex.def Info: figures/manifest-eps-converted-to.pdf used on input li
ne 115.
(pdftex.def)             Requested size: 234.87749pt x 152.8398pt.

Overfull \hbox (9.03374pt too wide) in paragraph at lines 115--119
 [][] 
 []


LaTeX Warning: `!h' float specifier changed to `!ht'.


Underfull \vbox (badness 1275) has occurred while \output is active []


Underfull \hbox (badness 1024) in paragraph at lines 150--162
[]\OT1/ptm/m/n/10 From a con-sis-tency stand-point, Syn-di-cate en-sures
 []

[4 <./figures/Syndicate-fig.pdf> <./figures/manifest-eps-converted-to.pdf>]
LaTeX Font Info:    Font shape `OT1/ptm/bx/n' in size <7.4> not available
(Font)              Font shape `OT1/ptm/b/n' tried instead on input line 194.
LaTeX Font Info:    Font shape `OT1/ptm/bx/n' in size <6> not available
(Font)              Font shape `OT1/ptm/b/n' tried instead on input line 194.

[5]
Underfull \vbox (badness 10000) has occurred while \output is active []

 [6]
Overfull \hbox (3.4195pt too wide) in paragraph at lines 426--441
[][] 
 []

) (./implementation.tex [7]) (./evaluation.tex
Underfull \hbox (badness 1057) in paragraph at lines 30--35
\OT1/ptm/m/n/10 We se-lected 300 Plan-et-Lab nodes with the short-est
 []

Package epstopdf Info: Source file: <figures/metadata_operations.eps>
(epstopdf)                    date: 2013-09-04 17:13:50
(epstopdf)                    size: 88196 bytes
(epstopdf)             Output file: <figures/metadata_operations-eps-converted-
to.pdf>
(epstopdf)                    date: 2013-09-11 00:11:17
(epstopdf)                    size: 31213 bytes
(epstopdf)             Command: <repstopdf --outfile=figures/metadata_operation
s-eps-converted-to.pdf figures/metadata_operations.eps>
(epstopdf)             \includegraphics on input line 94.
Package epstopdf Info: Output file is already uptodate.

<figures/metadata_operations-eps-converted-to.pdf, id=200, 587.19376pt x 442.65
375pt>
File: figures/metadata_operations-eps-converted-to.pdf Graphic file (type pdf)
 <use figures/metadata_operations-eps-converted-to.pdf>
Package pdftex.def Info: figures/metadata_operations-eps-converted-to.pdf used 
on input line 94.
(pdftex.def)             Requested size: 258.36667pt x 194.76823pt.
 [8]
Package epstopdf Info: Source file: <figures/read_latency_local.eps>
(epstopdf)                    date: 2013-09-04 17:13:50
(epstopdf)                    size: 40822 bytes
(epstopdf)             Output file: <figures/read_latency_local-eps-converted-t
o.pdf>
(epstopdf)                    date: 2013-09-11 00:11:17
(epstopdf)                    size: 24144 bytes
(epstopdf)             Command: <repstopdf --outfile=figures/read_latency_local
-eps-converted-to.pdf figures/read_latency_local.eps>
(epstopdf)             \includegraphics on input line 188.
Package epstopdf Info: Output file is already uptodate.

<figures/read_latency_local-eps-converted-to.pdf, id=204, 587.19376pt x 442.653
75pt>
File: figures/read_latency_local-eps-converted-to.pdf Graphic file (type pdf)
 <use figures/read_latency_local-eps-converted-to.pdf>
Package pdftex.def Info: figures/read_latency_local-eps-converted-to.pdf used o
n input line 188.
(pdftex.def)             Requested size: 258.36667pt x 194.76823pt.
Package epstopdf Info: Source file: <figures/read_latency_remote.eps>
(epstopdf)                    date: 2013-09-04 17:13:50
(epstopdf)                    size: 47240 bytes
(epstopdf)             Output file: <figures/read_latency_remote-eps-converted-
to.pdf>
(epstopdf)                    date: 2013-09-11 00:11:18
(epstopdf)                    size: 25974 bytes
(epstopdf)             Command: <repstopdf --outfile=figures/read_latency_remot
e-eps-converted-to.pdf figures/read_latency_remote.eps>
(epstopdf)             \includegraphics on input line 195.
Package epstopdf Info: Output file is already uptodate.

<figures/read_latency_remote-eps-converted-to.pdf, id=205, 587.19376pt x 442.65
375pt>
File: figures/read_latency_remote-eps-converted-to.pdf Graphic file (type pdf)
 <use figures/read_latency_remote-eps-converted-to.pdf>
Package pdftex.def Info: figures/read_latency_remote-eps-converted-to.pdf used 
on input line 195.
(pdftex.def)             Requested size: 258.36667pt x 194.76823pt.


LaTeX Warning: `!h' float specifier changed to `!ht'.

[9 <./figures/metadata_operations-eps-converted-to.pdf> <./figures/read_latency
_local-eps-converted-to.pdf>]
Underfull \vbox (badness 1960) has occurred while \output is active []

Package epstopdf Info: Source file: <figures/read_performance.eps>
(epstopdf)                    date: 2013-09-04 17:13:50
(epstopdf)                    size: 104402 bytes
(epstopdf)             Output file: <figures/read_performance-eps-converted-to.
pdf>
(epstopdf)                    date: 2013-09-11 00:11:18
(epstopdf)                    size: 36992 bytes
(epstopdf)             Command: <repstopdf --outfile=figures/read_performance-e
ps-converted-to.pdf figures/read_performance.eps>
(epstopdf)             \includegraphics on input line 232.
Package epstopdf Info: Output file is already uptodate.

<figures/read_performance-eps-converted-to.pdf, id=308, 1702.36pt x 370.38374pt
>
File: figures/read_performance-eps-converted-to.pdf Graphic file (type pdf)
 <use figures/read_performance-eps-converted-to.pdf>
Package pdftex.def Info: figures/read_performance-eps-converted-to.pdf used on 
input line 232.
(pdftex.def)             Requested size: 563.70454pt x 122.64522pt.
Package epstopdf Info: Source file: <figures/read_after_write.eps>
(epstopdf)                    date: 2013-09-04 17:13:50
(epstopdf)                    size: 48725 bytes
(epstopdf)             Output file: <figures/read_after_write-eps-converted-to.
pdf>
(epstopdf)                    date: 2013-09-11 00:11:18
(epstopdf)                    size: 23970 bytes
(epstopdf)             Command: <repstopdf --outfile=figures/read_after_write-e
ps-converted-to.pdf figures/read_after_write.eps>
(epstopdf)             \includegraphics on input line 262.
Package epstopdf Info: Output file is already uptodate.

<figures/read_after_write-eps-converted-to.pdf, id=309, 732.7375pt x 442.65375p
t>
File: figures/read_after_write-eps-converted-to.pdf Graphic file (type pdf)
 <use figures/read_after_write-eps-converted-to.pdf>
Package pdftex.def Info: figures/read_after_write-eps-converted-to.pdf used on 
input line 262.
(pdftex.def)             Requested size: 258.36667pt x 156.07936pt.


LaTeX Warning: `!h' float specifier changed to `!ht'.


Underfull \vbox (badness 10000) has occurred while \output is active []

 [10 <./figures/read_latency_remote-eps-converted-to.pdf>]
Package epstopdf Info: Source file: <figures/write_performance.eps>
(epstopdf)                    date: 2013-09-04 17:13:50
(epstopdf)                    size: 44290 bytes
(epstopdf)             Output file: <figures/write_performance-eps-converted-to
.pdf>
(epstopdf)                    date: 2013-09-11 00:11:18
(epstopdf)                    size: 24793 bytes
(epstopdf)             Command: <repstopdf --outfile=figures/write_performance-
eps-converted-to.pdf figures/write_performance.eps>
(epstopdf)             \includegraphics on input line 290.
Package epstopdf Info: Output file is already uptodate.

<figures/write_performance-eps-converted-to.pdf, id=369, 587.19376pt x 442.6537
5pt>
File: figures/write_performance-eps-converted-to.pdf Graphic file (type pdf)
 <use figures/write_performance-eps-converted-to.pdf>
Package pdftex.def Info: figures/write_performance-eps-converted-to.pdf used on
 input line 290.
(pdftex.def)             Requested size: 258.36667pt x 194.76823pt.
 [11 <./figures/read_performance-eps-converted-to.pdf> <./figures/read_after_wr
ite-eps-converted-to.pdf> <./figures/write_performance-eps-converted-to.pdf>]) 
(./related.tex)
(./conclusion.tex) (./usenix-nsdi2014.bbl
LaTeX Font Info:    Font shape `OT1/ptm/bx/n' in size <8> not available
(Font)              Font shape `OT1/ptm/b/n' tried instead on input line 5.
LaTeX Font Info:    Font shape `OT1/ptm/bx/n' in size <5> not available
(Font)              Font shape `OT1/ptm/b/n' tried instead on input line 5.
 [12]
Underfull \hbox (badness 10000) in paragraph at lines 16--18
[]\OT1/ptm/m/n/8 Amazon Gate-way.  $\OT1/cmtt/m/n/8 http : / / aws . amazon . c
om /
 []


Underfull \hbox (badness 10000) in paragraph at lines 24--26
[]\OT1/ptm/m/n/8 Overview of Ama-zon Web Ser-vices.  $\OT1/cmtt/m/n/8 https : /
 /
 []


Underfull \hbox (badness 2096) in paragraph at lines 62--67
[]\OT1/ptm/m/sc/8 Breslau, L., Cao, P., Fan, L., Phillips, G., and
 []

Missing character: There is no Ã in font ptmrc7t!
Missing character: There is no © in font ptmrc7t!

Underfull \hbox (badness 10000) in paragraph at lines 135--137
[]\OT1/ptm/m/n/8 Google Chrome OS.  $\OT1/cmtt/m/n/8 http : / / www . chromium 
. org /
 []

Missing character: There is no Ã in font ptmr7t!
Missing character: There is no ¢ in font ptmr7t!
Missing character: There is no â in font ptmr7t!
Missing character: There is no ‚ in font ptmr7t!
Missing character: There is no ¬ in font ptmr7t!
Missing character: There is no â in font ptmr7t!
Missing character: There is no € in font ptmr7t!
Missing character: There is no œ in font ptmr7t!

Underfull \hbox (badness 2922) in paragraph at lines 212--214
[]\OT1/ptm/m/n/8 Metagenomics MG-RAST.  $\OT1/cmtt/m/n/8 http : / / metagenomic
s . anl .
 []

[13]
Underfull \hbox (badness 10000) in paragraph at lines 262--265
[]\OT1/ptm/m/n/8 Riverbed Gate-way.  $\OT1/cmtt/m/n/8 http : / / www . riverbed
 . com / us /
 []


Underfull \hbox (badness 10000) in paragraph at lines 262--265
\OT1/cmtt/m/n/8 company / news / press _ releases / 2011 / press _ 060711 .
 []

) [14] (./usenix-nsdi2014.aux) )
(\end occurred inside a group at level 1)

### simple group (level 1) entered at line 87 ({)
### bottom level 
Here is how much of TeX's memory you used:
 2365 strings out of 495059
 34905 string characters out of 3182031
 100240 words of memory out of 3000000
 5457 multiletter control sequences out of 15000+200000
 42123 words of font info for 84 fonts, out of 3000000 for 9000
 14 hyphenation exceptions out of 8191
 38i,9n,23p,405b,345s stack positions out of 5000i,500n,10000p,200000b,50000s
{/usr/share/texlive/texmf-dist/fonts/enc/dvips/base/8r.enc}</us
r/share/texlive/texmf-dist/fonts/type1/public/amsfonts/cm/cmtt10.pfb></usr/shar
e/texlive/texmf-dist/fonts/type1/public/amsfonts/cm/cmtt8.pfb></usr/share/texli
ve/texmf-dist/fonts/type1/urw/times/utmb8a.pfb></usr/share/texlive/texmf-dist/f
onts/type1/urw/times/utmr8a.pfb></usr/share/texlive/texmf-dist/fonts/type1/urw/
times/utmri8a.pfb>
Output written on usenix-nsdi2014.pdf (14 pages, 616885 bytes).
PDF statistics:
 552 PDF objects out of 1000 (max. 8388607)
 175 compressed objects within 2 object streams
 0 named destinations out of 1000 (max. 500000)
 41 words of extra memory for PDF output out of 10000 (max. 10000000)

