This file contains any messages produced by compilers while
running configure, to aid debugging if configure makes a mistake.

It was created by libmicrohttpd configure 0.9.22, which was
generated by GNU Autoconf 2.69.  Invocation command line was

  $ ./configure --prefix=/home/jude/Desktop/research/syndicate/common/libmicrohttpd-syndicate/out

## --------- ##
## Platform. ##
## --------- ##

hostname = t510
uname -m = x86_64
uname -r = 3.2.0-4-amd64
uname -s = Linux
uname -v = #1 SMP Debian 3.2.41-2+deb7u2

/usr/bin/uname -p = unknown
/bin/uname -X     = unknown

/bin/arch              = unknown
/usr/bin/arch -k       = unknown
/usr/convex/getsysinfo = unknown
/usr/bin/hostinfo      = unknown
/bin/machine           = unknown
/usr/bin/oslevel       = unknown
/bin/universe          = unknown

PATH: /usr/local/bin
PATH: /usr/bin
PATH: /bin
PATH: /usr/local/games
PATH: /usr/games
PATH: /home/jude/bin


## ----------- ##
## Core tests. ##
## ----------- ##

configure:2433: checking for a BSD-compatible install
configure:2501: result: /usr/bin/install -c
configure:2512: checking whether build environment is sane
configure:2562: result: yes
configure:2703: checking for a thread-safe mkdir -p
configure:2742: result: /bin/mkdir -p
configure:2755: checking for gawk
configure:2771: found /usr/bin/gawk
configure:2782: result: gawk
configure:2793: checking whether make sets $(MAKE)
configure:2815: result: yes
configure:2844: checking whether make supports nested variables
configure:2861: result: yes
configure:2971: checking for gawk
configure:2998: result: gawk
configure:3010: checking whether ln -s works
configure:3014: result: yes
configure:3021: checking whether make sets $(MAKE)
configure:3043: result: yes
configure:3056: checking build system type
configure:3070: result: x86_64-unknown-linux-gnu
configure:3090: checking host system type
configure:3103: result: x86_64-unknown-linux-gnu
configure:3135: checking for style of include used by make
configure:3163: result: GNU
configure:3234: checking for gcc
configure:3250: found /usr/bin/gcc
configure:3261: result: gcc
configure:3490: checking for C compiler version
configure:3499: gcc --version >&5
gcc (Debian 4.6.4-2) 4.6.4
Copyright (C) 2011 Free Software Foundation, Inc.
This is free software; see the source for copying conditions.  There is NO
warranty; not even for MERCHANTABILITY or FITNESS FOR A PARTICULAR PURPOSE.

configure:3510: $? = 0
configure:3499: gcc -v >&5
Using built-in specs.
COLLECT_GCC=gcc
COLLECT_LTO_WRAPPER=/usr/lib/gcc/x86_64-linux-gnu/4.6/lto-wrapper
Target: x86_64-linux-gnu
Configured with: ../src/configure -v --with-pkgversion='Debian 4.6.4-2' --with-bugurl=file:///usr/share/doc/gcc-4.6/README.Bugs --enable-languages=c,c++,fortran,objc,obj-c++ --prefix=/usr --program-suffix=-4.6 --enable-shared --enable-linker-build-id --with-system-zlib --libexecdir=/usr/lib --without-included-gettext --enable-threads=posix --with-gxx-include-dir=/usr/include/c++/4.6 --libdir=/usr/lib --enable-nls --with-sysroot=/ --enable-clocale=gnu --enable-libstdcxx-debug --enable-libstdcxx-time=yes --enable-gnu-unique-object --enable-plugin --enable-objc-gc --with-arch-32=i586 --with-tune=generic --enable-checking=release --build=x86_64-linux-gnu --host=x86_64-linux-gnu --target=x86_64-linux-gnu
Thread model: posix
gcc version 4.6.4 (Debian 4.6.4-2) 
configure:3510: $? = 0
configure:3499: gcc -V >&5
gcc: error: unrecognized option '-V'
gcc: fatal error: no input files
compilation terminated.
configure:3510: $? = 4
configure:3499: gcc -qversion >&5
gcc: error: unrecognized option '-qversion'
gcc: fatal error: no input files
compilation terminated.
configure:3510: $? = 4
configure:3530: checking whether the C compiler works
configure:3552: gcc    conftest.c  >&5
configure:3556: $? = 0
configure:3604: result: yes
configure:3607: checking for C compiler default output file name
configure:3609: result: a.out
configure:3615: checking for suffix of executables
configure:3622: gcc -o conftest    conftest.c  >&5
configure:3626: $? = 0
configure:3648: result: 
configure:3670: checking whether we are cross compiling
configure:3678: gcc -o conftest    conftest.c  >&5
configure:3682: $? = 0
configure:3689: ./conftest
configure:3693: $? = 0
configure:3708: result: no
configure:3713: checking for suffix of object files
configure:3735: gcc -c   conftest.c >&5
configure:3739: $? = 0
configure:3760: result: o
configure:3764: checking whether we are using the GNU C compiler
configure:3783: gcc -c   conftest.c >&5
configure:3783: $? = 0
configure:3792: result: yes
configure:3801: checking whether gcc accepts -g
configure:3821: gcc -c -g  conftest.c >&5
configure:3821: $? = 0
configure:3862: result: yes
configure:3879: checking for gcc option to accept ISO C89
configure:3942: gcc  -c -g -O2  conftest.c >&5
configure:3942: $? = 0
configure:3955: result: none needed
configure:3977: checking dependency style of gcc
configure:4088: result: gcc3
configure:4104: checking whether gcc and cc understand -c and -o together
configure:4135: gcc -c conftest.c -o conftest2.o >&5
configure:4139: $? = 0
configure:4145: gcc -c conftest.c -o conftest2.o >&5
configure:4149: $? = 0
configure:4160: cc -c conftest.c >&5
configure:4164: $? = 0
configure:4172: cc -c conftest.c -o conftest2.o >&5
configure:4176: $? = 0
configure:4182: cc -c conftest.c -o conftest2.o >&5
configure:4186: $? = 0
configure:4204: result: yes
configure:4578: checking how to print strings
configure:4605: result: printf
configure:4626: checking for a sed that does not truncate output
configure:4690: result: /bin/sed
configure:4708: checking for grep that handles long lines and -e
configure:4766: result: /bin/grep
configure:4771: checking for egrep
configure:4833: result: /bin/grep -E
configure:4838: checking for fgrep
configure:4900: result: /bin/grep -F
configure:4935: checking for ld used by gcc
configure:5002: result: /usr/bin/ld
configure:5009: checking if the linker (/usr/bin/ld) is GNU ld
configure:5024: result: yes
configure:5036: checking for BSD- or MS-compatible name lister (nm)
configure:5085: result: /usr/bin/nm -B
configure:5215: checking the name lister (/usr/bin/nm -B) interface
configure:5222: gcc -c -g -O2  conftest.c >&5
configure:5225: /usr/bin/nm -B "conftest.o"
configure:5228: output
0000000000000000 B some_variable
configure:5235: result: BSD nm
configure:5239: checking the maximum length of command line arguments
configure:5370: result: 3458764513820540925
configure:5387: checking whether the shell understands some XSI constructs
configure:5397: result: yes
configure:5401: checking whether the shell understands "+="
configure:5407: result: yes
configure:5442: checking how to convert x86_64-unknown-linux-gnu file names to x86_64-unknown-linux-gnu format
configure:5482: result: func_convert_file_noop
configure:5489: checking how to convert x86_64-unknown-linux-gnu file names to toolchain format
configure:5509: result: func_convert_file_noop
configure:5516: checking for /usr/bin/ld option to reload object files
configure:5523: result: -r
configure:5597: checking for objdump
configure:5624: result: objdump
configure:5653: checking how to recognize dependent libraries
configure:5851: result: pass_all
configure:5936: checking for dlltool
configure:5963: result: dlltool
configure:5993: checking how to associate runtime and link libraries
configure:6020: result: printf %s\n
configure:6081: checking for ar
configure:6097: found /usr/bin/ar
configure:6108: result: ar
configure:6145: checking for archiver @FILE support
configure:6162: gcc -c -g -O2  conftest.c >&5
configure:6162: $? = 0
configure:6165: ar cru libconftest.a @conftest.lst >&5
configure:6168: $? = 0
configure:6173: ar cru libconftest.a @conftest.lst >&5
ar: conftest.o: No such file or directory
configure:6176: $? = 1
configure:6188: result: @
configure:6246: checking for strip
configure:6262: found /usr/bin/strip
configure:6273: result: strip
configure:6345: checking for ranlib
configure:6361: found /usr/bin/ranlib
configure:6372: result: ranlib
configure:6474: checking command to parse /usr/bin/nm -B output from gcc object
configure:6594: gcc -c -g -O2  conftest.c >&5
configure:6597: $? = 0
configure:6601: /usr/bin/nm -B conftest.o \| sed -n -e 's/^.*[ ]\([ABCDGIRSTW][ABCDGIRSTW]*\)[ ][ ]*\([_A-Za-z][_A-Za-z0-9]*\)$/\1 \2 \2/p' | sed '/ __gnu_lto/d' \> conftest.nm
configure:6604: $? = 0
configure:6670: gcc -o conftest -g -O2   conftest.c conftstm.o >&5
configure:6673: $? = 0
configure:6711: result: ok
configure:6748: checking for sysroot
configure:6778: result: no
configure:6855: gcc -c -g -O2  conftest.c >&5
configure:6858: $? = 0
configure:7041: checking for mt
configure:7057: found /bin/mt
configure:7068: result: mt
configure:7091: checking if mt is a manifest tool
configure:7097: mt '-?'
configure:7105: result: no
configure:7747: checking how to run the C preprocessor
configure:7778: gcc -E  conftest.c
configure:7778: $? = 0
configure:7792: gcc -E  conftest.c
conftest.c:11:28: fatal error: ac_nonexistent.h: No such file or directory
compilation terminated.
configure:7792: $? = 1
configure: failed program was:
| /* confdefs.h */
| #define PACKAGE_NAME "libmicrohttpd"
| #define PACKAGE_TARNAME "libmicrohttpd"
| #define PACKAGE_VERSION "0.9.22"
| #define PACKAGE_STRING "libmicrohttpd 0.9.22"
| #define PACKAGE_BUGREPORT "libmicrohttpd@gnu.org"
| #define PACKAGE_URL ""
| #define PACKAGE "libmicrohttpd"
| #define VERSION "0.9.22"
| /* end confdefs.h.  */
| #include <ac_nonexistent.h>
configure:7817: result: gcc -E
configure:7837: gcc -E  conftest.c
configure:7837: $? = 0
configure:7851: gcc -E  conftest.c
conftest.c:11:28: fatal error: ac_nonexistent.h: No such file or directory
compilation terminated.
configure:7851: $? = 1
configure: failed program was:
| /* confdefs.h */
| #define PACKAGE_NAME "libmicrohttpd"
| #define PACKAGE_TARNAME "libmicrohttpd"
| #define PACKAGE_VERSION "0.9.22"
| #define PACKAGE_STRING "libmicrohttpd 0.9.22"
| #define PACKAGE_BUGREPORT "libmicrohttpd@gnu.org"
| #define PACKAGE_URL ""
| #define PACKAGE "libmicrohttpd"
| #define VERSION "0.9.22"
| /* end confdefs.h.  */
| #include <ac_nonexistent.h>
configure:7880: checking for ANSI C header files
configure:7900: gcc -c -g -O2  conftest.c >&5
configure:7900: $? = 0
configure:7973: gcc -o conftest -g -O2   conftest.c  >&5
configure:7973: $? = 0
configure:7973: ./conftest
configure:7973: $? = 0
configure:7984: result: yes
configure:7997: checking for sys/types.h
configure:7997: gcc -c -g -O2  conftest.c >&5
configure:7997: $? = 0
configure:7997: result: yes
configure:7997: checking for sys/stat.h
configure:7997: gcc -c -g -O2  conftest.c >&5
configure:7997: $? = 0
configure:7997: result: yes
configure:7997: checking for stdlib.h
configure:7997: gcc -c -g -O2  conftest.c >&5
configure:7997: $? = 0
configure:7997: result: yes
configure:7997: checking for string.h
configure:7997: gcc -c -g -O2  conftest.c >&5
configure:7997: $? = 0
configure:7997: result: yes
configure:7997: checking for memory.h
configure:7997: gcc -c -g -O2  conftest.c >&5
configure:7997: $? = 0
configure:7997: result: yes
configure:7997: checking for strings.h
configure:7997: gcc -c -g -O2  conftest.c >&5
configure:7997: $? = 0
configure:7997: result: yes
configure:7997: checking for inttypes.h
configure:7997: gcc -c -g -O2  conftest.c >&5
configure:7997: $? = 0
configure:7997: result: yes
configure:7997: checking for stdint.h
configure:7997: gcc -c -g -O2  conftest.c >&5
configure:7997: $? = 0
configure:7997: result: yes
configure:7997: checking for unistd.h
configure:7997: gcc -c -g -O2  conftest.c >&5
configure:7997: $? = 0
configure:7997: result: yes
configure:8011: checking for dlfcn.h
configure:8011: gcc -c -g -O2  conftest.c >&5
configure:8011: $? = 0
configure:8011: result: yes
configure:8215: checking for objdir
configure:8230: result: .libs
configure:8501: checking if gcc supports -fno-rtti -fno-exceptions
configure:8519: gcc -c -g -O2  -fno-rtti -fno-exceptions conftest.c >&5
cc1: warning: command line option '-fno-rtti' is valid for C++/ObjC++ but not for C [enabled by default]
configure:8523: $? = 0
configure:8536: result: no
configure:8863: checking for gcc option to produce PIC
configure:8870: result: -fPIC -DPIC
configure:8878: checking if gcc PIC flag -fPIC -DPIC works
configure:8896: gcc -c -g -O2  -fPIC -DPIC -DPIC conftest.c >&5
configure:8900: $? = 0
configure:8913: result: yes
configure:8942: checking if gcc static flag -static works
configure:8970: result: yes
configure:8985: checking if gcc supports -c -o file.o
configure:9006: gcc -c -g -O2  -o out/conftest2.o conftest.c >&5
configure:9010: $? = 0
configure:9032: result: yes
configure:9040: checking if gcc supports -c -o file.o
configure:9087: result: yes
configure:9120: checking whether the gcc linker (/usr/bin/ld -m elf_x86_64) supports shared libraries
configure:10277: result: yes
configure:10314: checking whether -lc should be explicitly linked in
configure:10322: gcc -c -g -O2  conftest.c >&5
configure:10325: $? = 0
configure:10340: gcc -shared  -fPIC -DPIC conftest.o  -v -Wl,-soname -Wl,conftest -o conftest 2\>\&1 \| /bin/grep  -lc  \>/dev/null 2\>\&1
configure:10343: $? = 0
configure:10357: result: no
configure:10517: checking dynamic linker characteristics
configure:11017: gcc -o conftest -g -O2   -Wl,-rpath -Wl,/foo conftest.c  >&5
configure:11017: $? = 0
configure:11251: result: GNU/Linux ld.so
configure:11358: checking how to hardcode library paths into programs
configure:11383: result: immediate
configure:11923: checking whether stripping libraries is possible
configure:11928: result: yes
configure:11963: checking if libtool supports shared libraries
configure:11965: result: yes
configure:11968: checking whether to build shared libraries
configure:11989: result: yes
configure:11992: checking whether to build static libraries
configure:11996: result: yes
configure:12033: checking whether byte ordering is bigendian
configure:12048: gcc -c -g -O2  conftest.c >&5
conftest.c:24:9: error: unknown type name 'not'
conftest.c:24:15: error: expected '=', ',', ';', 'asm' or '__attribute__' before 'universal'
conftest.c:24:15: error: unknown type name 'universal'
configure:12048: $? = 1
configure: failed program was:
| /* confdefs.h */
| #define PACKAGE_NAME "libmicrohttpd"
| #define PACKAGE_TARNAME "libmicrohttpd"
| #define PACKAGE_VERSION "0.9.22"
| #define PACKAGE_STRING "libmicrohttpd 0.9.22"
| #define PACKAGE_BUGREPORT "libmicrohttpd@gnu.org"
| #define PACKAGE_URL ""
| #define PACKAGE "libmicrohttpd"
| #define VERSION "0.9.22"
| #define STDC_HEADERS 1
| #define HAVE_SYS_TYPES_H 1
| #define HAVE_SYS_STAT_H 1
| #define HAVE_STDLIB_H 1
| #define HAVE_STRING_H 1
| #define HAVE_MEMORY_H 1
| #define HAVE_STRINGS_H 1
| #define HAVE_INTTYPES_H 1
| #define HAVE_STDINT_H 1
| #define HAVE_UNISTD_H 1
| #define HAVE_DLFCN_H 1
| #define LT_OBJDIR ".libs/"
| /* end confdefs.h.  */
| #ifndef __APPLE_CC__
| 	       not a universal capable compiler
| 	     #endif
| 	     typedef int dummy;
| 
configure:12093: gcc -c -g -O2  conftest.c >&5
configure:12093: $? = 0
configure:12111: gcc -c -g -O2  conftest.c >&5
conftest.c: In function 'main':
conftest.c:30:4: error: unknown type name 'not'
conftest.c:30:12: error: expected '=', ',', ';', 'asm' or '__attribute__' before 'endian'
configure:12111: $? = 1
configure: failed program was:
| /* confdefs.h */
| #define PACKAGE_NAME "libmicrohttpd"
| #define PACKAGE_TARNAME "libmicrohttpd"
| #define PACKAGE_VERSION "0.9.22"
| #define PACKAGE_STRING "libmicrohttpd 0.9.22"
| #define PACKAGE_BUGREPORT "libmicrohttpd@gnu.org"
| #define PACKAGE_URL ""
| #define PACKAGE "libmicrohttpd"
| #define VERSION "0.9.22"
| #define STDC_HEADERS 1
| #define HAVE_SYS_TYPES_H 1
| #define HAVE_SYS_STAT_H 1
| #define HAVE_STDLIB_H 1
| #define HAVE_STRING_H 1
| #define HAVE_MEMORY_H 1
| #define HAVE_STRINGS_H 1
| #define HAVE_INTTYPES_H 1
| #define HAVE_STDINT_H 1
| #define HAVE_UNISTD_H 1
| #define HAVE_DLFCN_H 1
| #define LT_OBJDIR ".libs/"
| /* end confdefs.h.  */
| #include <sys/types.h>
| 		#include <sys/param.h>
| 
| int
| main ()
| {
| #if BYTE_ORDER != BIG_ENDIAN
| 		 not big endian
| 		#endif
| 
|   ;
|   return 0;
| }
configure:12239: result: no
configure:12258: checking for struct sockaddr_in.sin_len
configure:12258: gcc -c -g -O2  conftest.c >&5
conftest.c: In function 'main':
conftest.c:33:12: error: 'struct sockaddr_in' has no member named 'sin_len'
configure:12258: $? = 1
configure: failed program was:
| /* confdefs.h */
| #define PACKAGE_NAME "libmicrohttpd"
| #define PACKAGE_TARNAME "libmicrohttpd"
| #define PACKAGE_VERSION "0.9.22"
| #define PACKAGE_STRING "libmicrohttpd 0.9.22"
| #define PACKAGE_BUGREPORT "libmicrohttpd@gnu.org"
| #define PACKAGE_URL ""
| #define PACKAGE "libmicrohttpd"
| #define VERSION "0.9.22"
| #define STDC_HEADERS 1
| #define HAVE_SYS_TYPES_H 1
| #define HAVE_SYS_STAT_H 1
| #define HAVE_STDLIB_H 1
| #define HAVE_STRING_H 1
| #define HAVE_MEMORY_H 1
| #define HAVE_STRINGS_H 1
| #define HAVE_INTTYPES_H 1
| #define HAVE_STDINT_H 1
| #define HAVE_UNISTD_H 1
| #define HAVE_DLFCN_H 1
| #define LT_OBJDIR ".libs/"
| /* end confdefs.h.  */
| 
|       #include <sys/types.h>
|       #include <sys/socket.h>
|       #include <netinet/in.h>
| 
| 
| int
| main ()
| {
| static struct sockaddr_in ac_aggr;
| if (ac_aggr.sin_len)
| return 0;
|   ;
|   return 0;
| }
configure:12258: gcc -c -g -O2  conftest.c >&5
conftest.c: In function 'main':
conftest.c:33:19: error: 'struct sockaddr_in' has no member named 'sin_len'
configure:12258: $? = 1
configure: failed program was:
| /* confdefs.h */
| #define PACKAGE_NAME "libmicrohttpd"
| #define PACKAGE_TARNAME "libmicrohttpd"
| #define PACKAGE_VERSION "0.9.22"
| #define PACKAGE_STRING "libmicrohttpd 0.9.22"
| #define PACKAGE_BUGREPORT "libmicrohttpd@gnu.org"
| #define PACKAGE_URL ""
| #define PACKAGE "libmicrohttpd"
| #define VERSION "0.9.22"
| #define STDC_HEADERS 1
| #define HAVE_SYS_TYPES_H 1
| #define HAVE_SYS_STAT_H 1
| #define HAVE_STDLIB_H 1
| #define HAVE_STRING_H 1
| #define HAVE_MEMORY_H 1
| #define HAVE_STRINGS_H 1
| #define HAVE_INTTYPES_H 1
| #define HAVE_STDINT_H 1
| #define HAVE_UNISTD_H 1
| #define HAVE_DLFCN_H 1
| #define LT_OBJDIR ".libs/"
| /* end confdefs.h.  */
| 
|       #include <sys/types.h>
|       #include <sys/socket.h>
|       #include <netinet/in.h>
| 
| 
| int
| main ()
| {
| static struct sockaddr_in ac_aggr;
| if (sizeof ac_aggr.sin_len)
| return 0;
|   ;
|   return 0;
| }
configure:12258: result: no
configure:12274: checking for curl
configure:12290: found /usr/bin/curl
configure:12302: result: true
configure:12772: gcc -o conftest -fno-strict-aliasing -g -O2   conftest.c  >&5
/tmp/ccmF3jnV.o: In function `main':
/home/jude/Desktop/research/syndicate/common/libmicrohttpd-syndicate/conftest.c:32: undefined reference to `pthread_create'
collect2: ld returned 1 exit status
configure:12772: $? = 1
configure: failed program was:
| /* confdefs.h */
| #define PACKAGE_NAME "libmicrohttpd"
| #define PACKAGE_TARNAME "libmicrohttpd"
| #define PACKAGE_VERSION "0.9.22"
| #define PACKAGE_STRING "libmicrohttpd 0.9.22"
| #define PACKAGE_BUGREPORT "libmicrohttpd@gnu.org"
| #define PACKAGE_URL ""
| #define PACKAGE "libmicrohttpd"
| #define VERSION "0.9.22"
| #define STDC_HEADERS 1
| #define HAVE_SYS_TYPES_H 1
| #define HAVE_SYS_STAT_H 1
| #define HAVE_STDLIB_H 1
| #define HAVE_STRING_H 1
| #define HAVE_MEMORY_H 1
| #define HAVE_STRINGS_H 1
| #define HAVE_INTTYPES_H 1
| #define HAVE_STDINT_H 1
| #define HAVE_UNISTD_H 1
| #define HAVE_DLFCN_H 1
| #define LT_OBJDIR ".libs/"
| #define LINUX 1
| #define HAVE_LISTEN_SHUTDOWN 1
| /* end confdefs.h.  */
| 
|         #include <pthread.h>
| 
| int
| main ()
| {
| 
|         pthread_create(0,0,0,0);
| 
|   ;
|   return 0;
| }
configure:12784: checking for pthread_create in -lpthread
configure:12809: gcc -o conftest -fno-strict-aliasing -g -O2   conftest.c -lpthread   >&5
configure:12809: $? = 0
configure:12818: result: yes
configure:12950: checking fcntl.h usability
configure:12950: gcc -c -fno-strict-aliasing -g -O2  conftest.c >&5
configure:12950: $? = 0
configure:12950: result: yes
configure:12950: checking fcntl.h presence
configure:12950: gcc -E  conftest.c
configure:12950: $? = 0
configure:12950: result: yes
configure:12950: checking for fcntl.h
configure:12950: result: yes
configure:12950: checking math.h usability
configure:12950: gcc -c -fno-strict-aliasing -g -O2  conftest.c >&5
configure:12950: $? = 0
configure:12950: result: yes
configure:12950: checking math.h presence
configure:12950: gcc -E  conftest.c
configure:12950: $? = 0
configure:12950: result: yes
configure:12950: checking for math.h
configure:12950: result: yes
configure:12950: checking errno.h usability
configure:12950: gcc -c -fno-strict-aliasing -g -O2  conftest.c >&5
configure:12950: $? = 0
configure:12950: result: yes
configure:12950: checking errno.h presence
configure:12950: gcc -E  conftest.c
configure:12950: $? = 0
configure:12950: result: yes
configure:12950: checking for errno.h
configure:12950: result: yes
configure:12950: checking limits.h usability
configure:12950: gcc -c -fno-strict-aliasing -g -O2  conftest.c >&5
configure:12950: $? = 0
configure:12950: result: yes
configure:12950: checking limits.h presence
configure:12950: gcc -E  conftest.c
configure:12950: $? = 0
configure:12950: result: yes
configure:12950: checking for limits.h
configure:12950: result: yes
configure:12950: checking stdio.h usability
configure:12950: gcc -c -fno-strict-aliasing -g -O2  conftest.c >&5
configure:12950: $? = 0
configure:12950: result: yes
configure:12950: checking stdio.h presence
configure:12950: gcc -E  conftest.c
configure:12950: $? = 0
configure:12950: result: yes
configure:12950: checking for stdio.h
configure:12950: result: yes
configure:12950: checking locale.h usability
configure:12950: gcc -c -fno-strict-aliasing -g -O2  conftest.c >&5
configure:12950: $? = 0
configure:12950: result: yes
configure:12950: checking locale.h presence
configure:12950: gcc -E  conftest.c
configure:12950: $? = 0
configure:12950: result: yes
configure:12950: checking for locale.h
configure:12950: result: yes
configure:12950: checking for sys/stat.h
configure:12950: result: yes
configure:12950: checking for sys/types.h
configure:12950: result: yes
configure:12950: checking pthread.h usability
configure:12950: gcc -c -fno-strict-aliasing -g -O2  conftest.c >&5
configure:12950: $? = 0
configure:12950: result: yes
configure:12950: checking pthread.h presence
configure:12950: gcc -E  conftest.c
configure:12950: $? = 0
configure:12950: result: yes
configure:12950: checking for pthread.h
configure:12950: result: yes
configure:12967: checking for sys/types.h
configure:12967: result: yes
configure:12967: checking sys/time.h usability
configure:12967: gcc -c -fno-strict-aliasing -g -O2  conftest.c >&5
configure:12967: $? = 0
configure:12967: result: yes
configure:12967: checking sys/time.h presence
configure:12967: gcc -E  conftest.c
configure:12967: $? = 0
configure:12967: result: yes
configure:12967: checking for sys/time.h
configure:12967: result: yes
configure:12967: checking sys/msg.h usability
configure:12967: gcc -c -fno-strict-aliasing -g -O2  conftest.c >&5
configure:12967: $? = 0
configure:12967: result: yes
configure:12967: checking sys/msg.h presence
configure:12967: gcc -E  conftest.c
configure:12967: $? = 0
configure:12967: result: yes
configure:12967: checking for sys/msg.h
configure:12967: result: yes
configure:12967: checking netdb.h usability
configure:12967: gcc -c -fno-strict-aliasing -g -O2  conftest.c >&5
configure:12967: $? = 0
configure:12967: result: yes
configure:12967: checking netdb.h presence
configure:12967: gcc -E  conftest.c
configure:12967: $? = 0
configure:12967: result: yes
configure:12967: checking for netdb.h
configure:12967: result: yes
configure:12967: checking netinet/in.h usability
configure:12967: gcc -c -fno-strict-aliasing -g -O2  conftest.c >&5
configure:12967: $? = 0
configure:12967: result: yes
configure:12967: checking netinet/in.h presence
configure:12967: gcc -E  conftest.c
configure:12967: $? = 0
configure:12967: result: yes
configure:12967: checking for netinet/in.h
configure:12967: result: yes
configure:12967: checking netinet/tcp.h usability
configure:12967: gcc -c -fno-strict-aliasing -g -O2  conftest.c >&5
configure:12967: $? = 0
configure:12967: result: yes
configure:12967: checking netinet/tcp.h presence
configure:12967: gcc -E  conftest.c
configure:12967: $? = 0
configure:12967: result: yes
configure:12967: checking for netinet/tcp.h
configure:12967: result: yes
configure:12967: checking time.h usability
configure:12967: gcc -c -fno-strict-aliasing -g -O2  conftest.c >&5
configure:12967: $? = 0
configure:12967: result: yes
configure:12967: checking time.h presence
configure:12967: gcc -E  conftest.c
configure:12967: $? = 0
configure:12967: result: yes
configure:12967: checking for time.h
configure:12967: result: yes
configure:12967: checking sys/socket.h usability
configure:12967: gcc -c -fno-strict-aliasing -g -O2  conftest.c >&5
configure:12967: $? = 0
configure:12967: result: yes
configure:12967: checking sys/socket.h presence
configure:12967: gcc -E  conftest.c
configure:12967: $? = 0
configure:12967: result: yes
configure:12967: checking for sys/socket.h
configure:12967: result: yes
configure:12967: checking sys/mman.h usability
configure:12967: gcc -c -fno-strict-aliasing -g -O2  conftest.c >&5
configure:12967: $? = 0
configure:12967: result: yes
configure:12967: checking sys/mman.h presence
configure:12967: gcc -E  conftest.c
configure:12967: $? = 0
configure:12967: result: yes
configure:12967: checking for sys/mman.h
configure:12967: result: yes
configure:12967: checking arpa/inet.h usability
configure:12967: gcc -c -fno-strict-aliasing -g -O2  conftest.c >&5
configure:12967: $? = 0
configure:12967: result: yes
configure:12967: checking arpa/inet.h presence
configure:12967: gcc -E  conftest.c
configure:12967: $? = 0
configure:12967: result: yes
configure:12967: checking for arpa/inet.h
configure:12967: result: yes
configure:12967: checking sys/select.h usability
configure:12967: gcc -c -fno-strict-aliasing -g -O2  conftest.c >&5
configure:12967: $? = 0
configure:12967: result: yes
configure:12967: checking sys/select.h presence
configure:12967: gcc -E  conftest.c
configure:12967: $? = 0
configure:12967: result: yes
configure:12967: checking for sys/select.h
configure:12967: result: yes
configure:12967: checking poll.h usability
configure:12967: gcc -c -fno-strict-aliasing -g -O2  conftest.c >&5
configure:12967: $? = 0
configure:12967: result: yes
configure:12967: checking poll.h presence
configure:12967: gcc -E  conftest.c
configure:12967: $? = 0
configure:12967: result: yes
configure:12967: checking for poll.h
configure:12967: result: yes
configure:12967: checking winsock2.h usability
configure:12967: gcc -c -fno-strict-aliasing -g -O2  conftest.c >&5
conftest.c:79:22: fatal error: winsock2.h: No such file or directory
compilation terminated.
configure:12967: $? = 1
configure: failed program was:
| /* confdefs.h */
| #define PACKAGE_NAME "libmicrohttpd"
| #define PACKAGE_TARNAME "libmicrohttpd"
| #define PACKAGE_VERSION "0.9.22"
| #define PACKAGE_STRING "libmicrohttpd 0.9.22"
| #define PACKAGE_BUGREPORT "libmicrohttpd@gnu.org"
| #define PACKAGE_URL ""
| #define PACKAGE "libmicrohttpd"
| #define VERSION "0.9.22"
| #define STDC_HEADERS 1
| #define HAVE_SYS_TYPES_H 1
| #define HAVE_SYS_STAT_H 1
| #define HAVE_STDLIB_H 1
| #define HAVE_STRING_H 1
| #define HAVE_MEMORY_H 1
| #define HAVE_STRINGS_H 1
| #define HAVE_INTTYPES_H 1
| #define HAVE_STDINT_H 1
| #define HAVE_UNISTD_H 1
| #define HAVE_DLFCN_H 1
| #define LT_OBJDIR ".libs/"
| #define LINUX 1
| #define HAVE_LISTEN_SHUTDOWN 1
| #define HAVE_FCNTL_H 1
| #define HAVE_MATH_H 1
| #define HAVE_ERRNO_H 1
| #define HAVE_LIMITS_H 1
| #define HAVE_STDIO_H 1
| #define HAVE_LOCALE_H 1
| #define HAVE_SYS_STAT_H 1
| #define HAVE_SYS_TYPES_H 1
| #define HAVE_PTHREAD_H 1
| #define HAVE_SYS_TYPES_H 1
| #define HAVE_SYS_TIME_H 1
| #define HAVE_SYS_MSG_H 1
| #define HAVE_NETDB_H 1
| #define HAVE_NETINET_IN_H 1
| #define HAVE_NETINET_TCP_H 1
| #define HAVE_TIME_H 1
| #define HAVE_SYS_SOCKET_H 1
| #define HAVE_SYS_MMAN_H 1
| #define HAVE_ARPA_INET_H 1
| #define HAVE_SYS_SELECT_H 1
| #define HAVE_POLL_H 1
| /* end confdefs.h.  */
| #include <stdio.h>
| #ifdef HAVE_SYS_TYPES_H
| # include <sys/types.h>
| #endif
| #ifdef HAVE_SYS_STAT_H
| # include <sys/stat.h>
| #endif
| #ifdef STDC_HEADERS
| # include <stdlib.h>
| # include <stddef.h>
| #else
| # ifdef HAVE_STDLIB_H
| #  include <stdlib.h>
| # endif
| #endif
| #ifdef HAVE_STRING_H
| # if !defined STDC_HEADERS && defined HAVE_MEMORY_H
| #  include <memory.h>
| # endif
| # include <string.h>
| #endif
| #ifdef HAVE_STRINGS_H
| # include <strings.h>
| #endif
| #ifdef HAVE_INTTYPES_H
| # include <inttypes.h>
| #endif
| #ifdef HAVE_STDINT_H
| # include <stdint.h>
| #endif
| #ifdef HAVE_UNISTD_H
| # include <unistd.h>
| #endif
| #include <winsock2.h>
configure:12967: result: no
configure:12967: checking winsock2.h presence
configure:12967: gcc -E  conftest.c
conftest.c:46:22: fatal error: winsock2.h: No such file or directory
compilation terminated.
configure:12967: $? = 1
configure: failed program was:
| /* confdefs.h */
| #define PACKAGE_NAME "libmicrohttpd"
| #define PACKAGE_TARNAME "libmicrohttpd"
| #define PACKAGE_VERSION "0.9.22"
| #define PACKAGE_STRING "libmicrohttpd 0.9.22"
| #define PACKAGE_BUGREPORT "libmicrohttpd@gnu.org"
| #define PACKAGE_URL ""
| #define PACKAGE "libmicrohttpd"
| #define VERSION "0.9.22"
| #define STDC_HEADERS 1
| #define HAVE_SYS_TYPES_H 1
| #define HAVE_SYS_STAT_H 1
| #define HAVE_STDLIB_H 1
| #define HAVE_STRING_H 1
| #define HAVE_MEMORY_H 1
| #define HAVE_STRINGS_H 1
| #define HAVE_INTTYPES_H 1
| #define HAVE_STDINT_H 1
| #define HAVE_UNISTD_H 1
| #define HAVE_DLFCN_H 1
| #define LT_OBJDIR ".libs/"
| #define LINUX 1
| #define HAVE_LISTEN_SHUTDOWN 1
| #define HAVE_FCNTL_H 1
| #define HAVE_MATH_H 1
| #define HAVE_ERRNO_H 1
| #define HAVE_LIMITS_H 1
| #define HAVE_STDIO_H 1
| #define HAVE_LOCALE_H 1
| #define HAVE_SYS_STAT_H 1
| #define HAVE_SYS_TYPES_H 1
| #define HAVE_PTHREAD_H 1
| #define HAVE_SYS_TYPES_H 1
| #define HAVE_SYS_TIME_H 1
| #define HAVE_SYS_MSG_H 1
| #define HAVE_NETDB_H 1
| #define HAVE_NETINET_IN_H 1
| #define HAVE_NETINET_TCP_H 1
| #define HAVE_TIME_H 1
| #define HAVE_SYS_SOCKET_H 1
| #define HAVE_SYS_MMAN_H 1
| #define HAVE_ARPA_INET_H 1
| #define HAVE_SYS_SELECT_H 1
| #define HAVE_POLL_H 1
| /* end confdefs.h.  */
| #include <winsock2.h>
configure:12967: result: no
configure:12967: checking for winsock2.h
configure:12967: result: no
configure:12967: checking ws2tcpip.h usability
configure:12967: gcc -c -fno-strict-aliasing -g -O2  conftest.c >&5
conftest.c:79:22: fatal error: ws2tcpip.h: No such file or directory
compilation terminated.
configure:12967: $? = 1
configure: failed program was:
| /* confdefs.h */
| #define PACKAGE_NAME "libmicrohttpd"
| #define PACKAGE_TARNAME "libmicrohttpd"
| #define PACKAGE_VERSION "0.9.22"
| #define PACKAGE_STRING "libmicrohttpd 0.9.22"
| #define PACKAGE_BUGREPORT "libmicrohttpd@gnu.org"
| #define PACKAGE_URL ""
| #define PACKAGE "libmicrohttpd"
| #define VERSION "0.9.22"
| #define STDC_HEADERS 1
| #define HAVE_SYS_TYPES_H 1
| #define HAVE_SYS_STAT_H 1
| #define HAVE_STDLIB_H 1
| #define HAVE_STRING_H 1
| #define HAVE_MEMORY_H 1
| #define HAVE_STRINGS_H 1
| #define HAVE_INTTYPES_H 1
| #define HAVE_STDINT_H 1
| #define HAVE_UNISTD_H 1
| #define HAVE_DLFCN_H 1
| #define LT_OBJDIR ".libs/"
| #define LINUX 1
| #define HAVE_LISTEN_SHUTDOWN 1
| #define HAVE_FCNTL_H 1
| #define HAVE_MATH_H 1
| #define HAVE_ERRNO_H 1
| #define HAVE_LIMITS_H 1
| #define HAVE_STDIO_H 1
| #define HAVE_LOCALE_H 1
| #define HAVE_SYS_STAT_H 1
| #define HAVE_SYS_TYPES_H 1
| #define HAVE_PTHREAD_H 1
| #define HAVE_SYS_TYPES_H 1
| #define HAVE_SYS_TIME_H 1
| #define HAVE_SYS_MSG_H 1
| #define HAVE_NETDB_H 1
| #define HAVE_NETINET_IN_H 1
| #define HAVE_NETINET_TCP_H 1
| #define HAVE_TIME_H 1
| #define HAVE_SYS_SOCKET_H 1
| #define HAVE_SYS_MMAN_H 1
| #define HAVE_ARPA_INET_H 1
| #define HAVE_SYS_SELECT_H 1
| #define HAVE_POLL_H 1
| /* end confdefs.h.  */
| #include <stdio.h>
| #ifdef HAVE_SYS_TYPES_H
| # include <sys/types.h>
| #endif
| #ifdef HAVE_SYS_STAT_H
| # include <sys/stat.h>
| #endif
| #ifdef STDC_HEADERS
| # include <stdlib.h>
| # include <stddef.h>
| #else
| # ifdef HAVE_STDLIB_H
| #  include <stdlib.h>
| # endif
| #endif
| #ifdef HAVE_STRING_H
| # if !defined STDC_HEADERS && defined HAVE_MEMORY_H
| #  include <memory.h>
| # endif
| # include <string.h>
| #endif
| #ifdef HAVE_STRINGS_H
| # include <strings.h>
| #endif
| #ifdef HAVE_INTTYPES_H
| # include <inttypes.h>
| #endif
| #ifdef HAVE_STDINT_H
| # include <stdint.h>
| #endif
| #ifdef HAVE_UNISTD_H
| # include <unistd.h>
| #endif
| #include <ws2tcpip.h>
configure:12967: result: no
configure:12967: checking ws2tcpip.h presence
configure:12967: gcc -E  conftest.c
conftest.c:46:22: fatal error: ws2tcpip.h: No such file or directory
compilation terminated.
configure:12967: $? = 1
configure: failed program was:
| /* confdefs.h */
| #define PACKAGE_NAME "libmicrohttpd"
| #define PACKAGE_TARNAME "libmicrohttpd"
| #define PACKAGE_VERSION "0.9.22"
| #define PACKAGE_STRING "libmicrohttpd 0.9.22"
| #define PACKAGE_BUGREPORT "libmicrohttpd@gnu.org"
| #define PACKAGE_URL ""
| #define PACKAGE "libmicrohttpd"
| #define VERSION "0.9.22"
| #define STDC_HEADERS 1
| #define HAVE_SYS_TYPES_H 1
| #define HAVE_SYS_STAT_H 1
| #define HAVE_STDLIB_H 1
| #define HAVE_STRING_H 1
| #define HAVE_MEMORY_H 1
| #define HAVE_STRINGS_H 1
| #define HAVE_INTTYPES_H 1
| #define HAVE_STDINT_H 1
| #define HAVE_UNISTD_H 1
| #define HAVE_DLFCN_H 1
| #define LT_OBJDIR ".libs/"
| #define LINUX 1
| #define HAVE_LISTEN_SHUTDOWN 1
| #define HAVE_FCNTL_H 1
| #define HAVE_MATH_H 1
| #define HAVE_ERRNO_H 1
| #define HAVE_LIMITS_H 1
| #define HAVE_STDIO_H 1
| #define HAVE_LOCALE_H 1
| #define HAVE_SYS_STAT_H 1
| #define HAVE_SYS_TYPES_H 1
| #define HAVE_PTHREAD_H 1
| #define HAVE_SYS_TYPES_H 1
| #define HAVE_SYS_TIME_H 1
| #define HAVE_SYS_MSG_H 1
| #define HAVE_NETDB_H 1
| #define HAVE_NETINET_IN_H 1
| #define HAVE_NETINET_TCP_H 1
| #define HAVE_TIME_H 1
| #define HAVE_SYS_SOCKET_H 1
| #define HAVE_SYS_MMAN_H 1
| #define HAVE_ARPA_INET_H 1
| #define HAVE_SYS_SELECT_H 1
| #define HAVE_POLL_H 1
| /* end confdefs.h.  */
| #include <ws2tcpip.h>
configure:12967: result: no
configure:12967: checking for ws2tcpip.h
configure:12967: result: no
configure:12981: checking plibc.h usability
configure:12981: gcc -c -fno-strict-aliasing -g -O2  conftest.c >&5
conftest.c:79:19: fatal error: plibc.h: No such file or directory
compilation terminated.
configure:12981: $? = 1
configure: failed program was:
| /* confdefs.h */
| #define PACKAGE_NAME "libmicrohttpd"
| #define PACKAGE_TARNAME "libmicrohttpd"
| #define PACKAGE_VERSION "0.9.22"
| #define PACKAGE_STRING "libmicrohttpd 0.9.22"
| #define PACKAGE_BUGREPORT "libmicrohttpd@gnu.org"
| #define PACKAGE_URL ""
| #define PACKAGE "libmicrohttpd"
| #define VERSION "0.9.22"
| #define STDC_HEADERS 1
| #define HAVE_SYS_TYPES_H 1
| #define HAVE_SYS_STAT_H 1
| #define HAVE_STDLIB_H 1
| #define HAVE_STRING_H 1
| #define HAVE_MEMORY_H 1
| #define HAVE_STRINGS_H 1
| #define HAVE_INTTYPES_H 1
| #define HAVE_STDINT_H 1
| #define HAVE_UNISTD_H 1
| #define HAVE_DLFCN_H 1
| #define LT_OBJDIR ".libs/"
| #define LINUX 1
| #define HAVE_LISTEN_SHUTDOWN 1
| #define HAVE_FCNTL_H 1
| #define HAVE_MATH_H 1
| #define HAVE_ERRNO_H 1
| #define HAVE_LIMITS_H 1
| #define HAVE_STDIO_H 1
| #define HAVE_LOCALE_H 1
| #define HAVE_SYS_STAT_H 1
| #define HAVE_SYS_TYPES_H 1
| #define HAVE_PTHREAD_H 1
| #define HAVE_SYS_TYPES_H 1
| #define HAVE_SYS_TIME_H 1
| #define HAVE_SYS_MSG_H 1
| #define HAVE_NETDB_H 1
| #define HAVE_NETINET_IN_H 1
| #define HAVE_NETINET_TCP_H 1
| #define HAVE_TIME_H 1
| #define HAVE_SYS_SOCKET_H 1
| #define HAVE_SYS_MMAN_H 1
| #define HAVE_ARPA_INET_H 1
| #define HAVE_SYS_SELECT_H 1
| #define HAVE_POLL_H 1
| /* end confdefs.h.  */
| #include <stdio.h>
| #ifdef HAVE_SYS_TYPES_H
| # include <sys/types.h>
| #endif
| #ifdef HAVE_SYS_STAT_H
| # include <sys/stat.h>
| #endif
| #ifdef STDC_HEADERS
| # include <stdlib.h>
| # include <stddef.h>
| #else
| # ifdef HAVE_STDLIB_H
| #  include <stdlib.h>
| # endif
| #endif
| #ifdef HAVE_STRING_H
| # if !defined STDC_HEADERS && defined HAVE_MEMORY_H
| #  include <memory.h>
| # endif
| # include <string.h>
| #endif
| #ifdef HAVE_STRINGS_H
| # include <strings.h>
| #endif
| #ifdef HAVE_INTTYPES_H
| # include <inttypes.h>
| #endif
| #ifdef HAVE_STDINT_H
| # include <stdint.h>
| #endif
| #ifdef HAVE_UNISTD_H
| # include <unistd.h>
| #endif
| #include <plibc.h>
configure:12981: result: no
configure:12981: checking plibc.h presence
configure:12981: gcc -E  conftest.c
conftest.c:46:19: fatal error: plibc.h: No such file or directory
compilation terminated.
configure:12981: $? = 1
configure: failed program was:
| /* confdefs.h */
| #define PACKAGE_NAME "libmicrohttpd"
| #define PACKAGE_TARNAME "libmicrohttpd"
| #define PACKAGE_VERSION "0.9.22"
| #define PACKAGE_STRING "libmicrohttpd 0.9.22"
| #define PACKAGE_BUGREPORT "libmicrohttpd@gnu.org"
| #define PACKAGE_URL ""
| #define PACKAGE "libmicrohttpd"
| #define VERSION "0.9.22"
| #define STDC_HEADERS 1
| #define HAVE_SYS_TYPES_H 1
| #define HAVE_SYS_STAT_H 1
| #define HAVE_STDLIB_H 1
| #define HAVE_STRING_H 1
| #define HAVE_MEMORY_H 1
| #define HAVE_STRINGS_H 1
| #define HAVE_INTTYPES_H 1
| #define HAVE_STDINT_H 1
| #define HAVE_UNISTD_H 1
| #define HAVE_DLFCN_H 1
| #define LT_OBJDIR ".libs/"
| #define LINUX 1
| #define HAVE_LISTEN_SHUTDOWN 1
| #define HAVE_FCNTL_H 1
| #define HAVE_MATH_H 1
| #define HAVE_ERRNO_H 1
| #define HAVE_LIMITS_H 1
| #define HAVE_STDIO_H 1
| #define HAVE_LOCALE_H 1
| #define HAVE_SYS_STAT_H 1
| #define HAVE_SYS_TYPES_H 1
| #define HAVE_PTHREAD_H 1
| #define HAVE_SYS_TYPES_H 1
| #define HAVE_SYS_TIME_H 1
| #define HAVE_SYS_MSG_H 1
| #define HAVE_NETDB_H 1
| #define HAVE_NETINET_IN_H 1
| #define HAVE_NETINET_TCP_H 1
| #define HAVE_TIME_H 1
| #define HAVE_SYS_SOCKET_H 1
| #define HAVE_SYS_MMAN_H 1
| #define HAVE_ARPA_INET_H 1
| #define HAVE_SYS_SELECT_H 1
| #define HAVE_POLL_H 1
| /* end confdefs.h.  */
| #include <plibc.h>
configure:12981: result: no
configure:12981: checking for plibc.h
configure:12981: result: no
configure:13008: checking for memmem
configure:13008: gcc -o conftest -fno-strict-aliasing -g -O2   conftest.c -lpthread  >&5
configure:13008: $? = 0
configure:13008: result: yes
configure:13008: checking for accept4
configure:13008: gcc -o conftest -fno-strict-aliasing -g -O2   conftest.c -lpthread  >&5
configure:13008: $? = 0
configure:13008: result: yes
configure:13024: checking for library containing clock_gettime
configure:13055: gcc -o conftest -fno-strict-aliasing -g -O2   conftest.c -lpthread  >&5
configure:13055: $? = 0
configure:13072: result: none required
configure:13086: checking for IPv6
configure:13118: gcc -c -fno-strict-aliasing -g -O2  conftest.c >&5
configure:13118: $? = 0
configure:13130: result: yes
configure:13134: checking whether TCP_CORK is declared
configure:13134: gcc -c -fno-strict-aliasing -g -O2  conftest.c >&5
configure:13134: $? = 0
configure:13134: result: yes
configure:13148: checking whether TCP_NOPUSH is declared
configure:13148: gcc -c -fno-strict-aliasing -g -O2  conftest.c >&5
conftest.c: In function 'main':
conftest.c:60:10: error: 'TCP_NOPUSH' undeclared (first use in this function)
conftest.c:60:10: note: each undeclared identifier is reported only once for each function it appears in
configure:13148: $? = 1
configure: failed program was:
| /* confdefs.h */
| #define PACKAGE_NAME "libmicrohttpd"
| #define PACKAGE_TARNAME "libmicrohttpd"
| #define PACKAGE_VERSION "0.9.22"
| #define PACKAGE_STRING "libmicrohttpd 0.9.22"
| #define PACKAGE_BUGREPORT "libmicrohttpd@gnu.org"
| #define PACKAGE_URL ""
| #define PACKAGE "libmicrohttpd"
| #define VERSION "0.9.22"
| #define STDC_HEADERS 1
| #define HAVE_SYS_TYPES_H 1
| #define HAVE_SYS_STAT_H 1
| #define HAVE_STDLIB_H 1
| #define HAVE_STRING_H 1
| #define HAVE_MEMORY_H 1
| #define HAVE_STRINGS_H 1
| #define HAVE_INTTYPES_H 1
| #define HAVE_STDINT_H 1
| #define HAVE_UNISTD_H 1
| #define HAVE_DLFCN_H 1
| #define LT_OBJDIR ".libs/"
| #define LINUX 1
| #define HAVE_LISTEN_SHUTDOWN 1
| #define HAVE_FCNTL_H 1
| #define HAVE_MATH_H 1
| #define HAVE_ERRNO_H 1
| #define HAVE_LIMITS_H 1
| #define HAVE_STDIO_H 1
| #define HAVE_LOCALE_H 1
| #define HAVE_SYS_STAT_H 1
| #define HAVE_SYS_TYPES_H 1
| #define HAVE_PTHREAD_H 1
| #define HAVE_SYS_TYPES_H 1
| #define HAVE_SYS_TIME_H 1
| #define HAVE_SYS_MSG_H 1
| #define HAVE_NETDB_H 1
| #define HAVE_NETINET_IN_H 1
| #define HAVE_NETINET_TCP_H 1
| #define HAVE_TIME_H 1
| #define HAVE_SYS_SOCKET_H 1
| #define HAVE_SYS_MMAN_H 1
| #define HAVE_ARPA_INET_H 1
| #define HAVE_SYS_SELECT_H 1
| #define HAVE_POLL_H 1
| #define HAVE_MEMMEM 1
| #define HAVE_ACCEPT4 1
| #define HAVE_CLOCK_GETTIME 1
| #define HAVE_INET6 1
| #define HAVE_DECL_TCP_CORK 1
| /* end confdefs.h.  */
| #include <netinet/tcp.h>
| 
| int
| main ()
| {
| #ifndef TCP_NOPUSH
| #ifdef __cplusplus
|   (void) TCP_NOPUSH;
| #else
|   (void) TCP_NOPUSH;
| #endif
| #endif
| 
|   ;
|   return 0;
| }
configure:13148: result: no
configure:13164: checking whether to use libcurl for testing
configure:13173: result: yes
configure:13213: checking for gawk
configure:13240: result: gawk
configure:13302: checking for curl-config
configure:13320: found /usr/bin/curl-config
configure:13332: result: /usr/bin/curl-config
configure:13343: checking for the version of libcurl
configure:13350: result: 7.30.0
configure:13411: checking whether libcurl is usable
configure:13444: gcc -o conftest -fno-strict-aliasing -g -O2    conftest.c -L/usr/lib/x86_64-linux-gnu -lcurl -lpthread  >&5
configure:13444: $? = 0
configure:13458: result: yes
configure:13471: checking for curl_free
configure:13471: gcc -o conftest -fno-strict-aliasing -g -O2    conftest.c -lpthread  -L/usr/lib/x86_64-linux-gnu -lcurl >&5
configure:13471: $? = 0
configure:13471: result: yes
configure:13595: checking for special C compiler options needed for large files
configure:13640: result: no
configure:13646: checking for _FILE_OFFSET_BITS value needed for large files
configure:13671: gcc -c -fno-strict-aliasing -g -O2  conftest.c >&5
configure:13671: $? = 0
configure:13703: result: no
configure:13788: checking for _LARGEFILE_SOURCE value needed for large files
configure:13807: gcc -o conftest -fno-strict-aliasing -g -O2   conftest.c -lpthread  >&5
configure:13807: $? = 0
configure:13835: result: no
configure:13858: checking whether to generate error messages
configure:13867: result: yes
configure:13882: checking whether to enable postprocessor
configure:13891: result: 
configure:13906: checking for zzuf
configure:13934: result: 0
configure:13944: checking for socat
configure:13972: result: 0
configure:14015: checking for libgcrypt-config
configure:14033: found /usr/bin/libgcrypt-config
configure:14046: result: /usr/bin/libgcrypt-config
configure:14063: checking for LIBGCRYPT - version >= 1.2.2
configure:14097: result: yes (1.5.0)
configure:14146: checking for gnutls
configure:14268: result: --with-gnutls not specified
configure:14272: checking gnutls/gnutls.h usability
configure:14272: gcc -c -fno-strict-aliasing -g -O2  conftest.c >&5
configure:14272: $? = 0
configure:14272: result: yes
configure:14272: checking gnutls/gnutls.h presence
configure:14272: gcc -E  conftest.c
configure:14272: $? = 0
configure:14272: result: yes
configure:14272: checking for gnutls/gnutls.h
configure:14272: result: yes
configure:14277: checking for gnutls_priority_set in -lgnutls
configure:14302: gcc -o conftest -fno-strict-aliasing -g -O2   conftest.c -lgnutls  -lpthread  >&5
configure:14302: $? = 0
configure:14311: result: yes
configure:14340: checking whether to support HTTPS
configure:14369: result: yes
configure:14382: checking whether to support HTTP basic authentication
configure:14401: result: yes
configure:14413: checking whether to support HTTP digest authentication
configure:14432: result: yes
configure:14448: checking whether -export-symbols-regex works
configure:14460: result: yes
configure:14465: checking whether to compile with support for code coverage analysis
configure:14474: result: no
configure:14762: creating ./config.status

## ---------------------- ##
## Running config.status. ##
## ---------------------- ##

This file was extended by libmicrohttpd config.status 0.9.22, which was
generated by GNU Autoconf 2.69.  Invocation command line was

  CONFIG_FILES    = 
  CONFIG_HEADERS  = 
  CONFIG_LINKS    = 
  CONFIG_COMMANDS = 
  $ ./config.status 

on t510

config.status:1220: creating libmicrohttpd.pc
config.status:1220: creating Makefile
config.status:1220: creating contrib/Makefile
config.status:1220: creating doc/Makefile
config.status:1220: creating m4/Makefile
config.status:1220: creating src/Makefile
config.status:1220: creating src/include/Makefile
config.status:1220: creating src/include/plibc/Makefile
config.status:1220: creating src/daemon/Makefile
config.status:1220: creating src/examples/Makefile
config.status:1220: creating src/testcurl/Makefile
config.status:1220: creating src/testcurl/https/Makefile
config.status:1220: creating src/testzzuf/Makefile
config.status:1220: creating MHD_config.h
config.status:1401: MHD_config.h is unchanged
config.status:1449: executing depfiles commands
config.status:1449: executing libtool commands
configure:17063: Configuration Summary:
  Operating System:  linux-gnu
  libgcrypt:         yes
  libcurl (testing): yes
  Target directory:  /home/jude/Desktop/research/syndicate/common/libmicrohttpd-syndicate/out
  Messages:          yes
  Basic auth.:       yes
  Digest auth.:      yes
  Postproc:          yes
  HTTPS support:     yes

configure:17080: HTTPS subsystem configuration:
  License         :  LGPL only
 

## ---------------- ##
## Cache variables. ##
## ---------------- ##

ac_cv_build=x86_64-unknown-linux-gnu
ac_cv_c_bigendian=no
ac_cv_c_compiler_gnu=yes
ac_cv_env_CC_set=
ac_cv_env_CC_value=
ac_cv_env_CFLAGS_set=
ac_cv_env_CFLAGS_value=
ac_cv_env_CPPFLAGS_set=
ac_cv_env_CPPFLAGS_value=
ac_cv_env_CPP_set=
ac_cv_env_CPP_value=
ac_cv_env_LDFLAGS_set=
ac_cv_env_LDFLAGS_value=
ac_cv_env_LIBS_set=
ac_cv_env_LIBS_value=
ac_cv_env_build_alias_set=
ac_cv_env_build_alias_value=
ac_cv_env_host_alias_set=
ac_cv_env_host_alias_value=
ac_cv_env_target_alias_set=
ac_cv_env_target_alias_value=
ac_cv_func_accept4=yes
ac_cv_func_curl_free=yes
ac_cv_func_memmem=yes
ac_cv_have_decl_TCP_CORK=yes
ac_cv_have_decl_TCP_NOPUSH=no
ac_cv_header_arpa_inet_h=yes
ac_cv_header_dlfcn_h=yes
ac_cv_header_errno_h=yes
ac_cv_header_fcntl_h=yes
ac_cv_header_gnutls_gnutls_h=yes
ac_cv_header_inttypes_h=yes
ac_cv_header_limits_h=yes
ac_cv_header_locale_h=yes
ac_cv_header_math_h=yes
ac_cv_header_memory_h=yes
ac_cv_header_netdb_h=yes
ac_cv_header_netinet_in_h=yes
ac_cv_header_netinet_tcp_h=yes
ac_cv_header_plibc_h=no
ac_cv_header_poll_h=yes
ac_cv_header_pthread_h=yes
ac_cv_header_stdc=yes
ac_cv_header_stdint_h=yes
ac_cv_header_stdio_h=yes
ac_cv_header_stdlib_h=yes
ac_cv_header_string_h=yes
ac_cv_header_strings_h=yes
ac_cv_header_sys_mman_h=yes
ac_cv_header_sys_msg_h=yes
ac_cv_header_sys_select_h=yes
ac_cv_header_sys_socket_h=yes
ac_cv_header_sys_stat_h=yes
ac_cv_header_sys_time_h=yes
ac_cv_header_sys_types_h=yes
ac_cv_header_time_h=yes
ac_cv_header_unistd_h=yes
ac_cv_header_winsock2_h=no
ac_cv_header_ws2tcpip_h=no
ac_cv_host=x86_64-unknown-linux-gnu
ac_cv_lib_gnutls_gnutls_priority_set=yes
ac_cv_lib_pthread_pthread_create=yes
ac_cv_member_struct_sockaddr_in_sin_len=no
ac_cv_objext=o
ac_cv_path_EGREP='/bin/grep -E'
ac_cv_path_FGREP='/bin/grep -F'
ac_cv_path_GREP=/bin/grep
ac_cv_path_LIBGCRYPT_CONFIG=/usr/bin/libgcrypt-config
ac_cv_path_SED=/bin/sed
ac_cv_path__libcurl_config=/usr/bin/curl-config
ac_cv_path_install='/usr/bin/install -c'
ac_cv_path_mkdir=/bin/mkdir
ac_cv_prog_AWK=gawk
ac_cv_prog_CPP='gcc -E'
ac_cv_prog_HAVE_CURL_BINARY=true
ac_cv_prog_HAVE_SOCAT=0
ac_cv_prog_HAVE_ZZUF=0
ac_cv_prog_ac_ct_AR=ar
ac_cv_prog_ac_ct_CC=gcc
ac_cv_prog_ac_ct_DLLTOOL=dlltool
ac_cv_prog_ac_ct_MANIFEST_TOOL=mt
ac_cv_prog_ac_ct_OBJDUMP=objdump
ac_cv_prog_ac_ct_RANLIB=ranlib
ac_cv_prog_ac_ct_STRIP=strip
ac_cv_prog_cc_c89=
ac_cv_prog_cc_g=yes
ac_cv_prog_cc_gcc_c_o=yes
ac_cv_prog_make_make_set=yes
ac_cv_search_clock_gettime='none required'
ac_cv_sys_file_offset_bits=no
ac_cv_sys_largefile_CC=no
ac_cv_sys_largefile_source=no
am_cv_CC_dependencies_compiler_type=gcc3
am_cv_make_support_nested_variables=yes
gn_cv_export_symbols_regex_works=yes
libcurl_cv_lib_curl_usable=yes
libcurl_cv_lib_curl_version=7.30.0
lt_cv_ar_at_file=@
lt_cv_archive_cmds_need_lc=no
lt_cv_deplibs_check_method=pass_all
lt_cv_file_magic_cmd='$MAGIC_CMD'
lt_cv_file_magic_test_file=
lt_cv_ld_reload_flag=-r
lt_cv_nm_interface='BSD nm'
lt_cv_objdir=.libs
lt_cv_path_LD=/usr/bin/ld
lt_cv_path_NM='/usr/bin/nm -B'
lt_cv_path_mainfest_tool=no
lt_cv_prog_compiler_c_o=yes
lt_cv_prog_compiler_pic='-fPIC -DPIC'
lt_cv_prog_compiler_pic_works=yes
lt_cv_prog_compiler_rtti_exceptions=no
lt_cv_prog_compiler_static_works=yes
lt_cv_prog_gnu_ld=yes
lt_cv_sharedlib_from_linklib_cmd='printf %s\n'
lt_cv_shlibpath_overrides_runpath=no
lt_cv_sys_global_symbol_pipe='sed -n -e '\''s/^.*[	 ]\([ABCDGIRSTW][ABCDGIRSTW]*\)[	 ][	 ]*\([_A-Za-z][_A-Za-z0-9]*\)$/\1 \2 \2/p'\'' | sed '\''/ __gnu_lto/d'\'''
lt_cv_sys_global_symbol_to_c_name_address='sed -n -e '\''s/^: \([^ ]*\)[ ]*$/  {\"\1\", (void *) 0},/p'\'' -e '\''s/^[ABCDGIRSTW]* \([^ ]*\) \([^ ]*\)$/  {"\2", (void *) \&\2},/p'\'''
lt_cv_sys_global_symbol_to_c_name_address_lib_prefix='sed -n -e '\''s/^: \([^ ]*\)[ ]*$/  {\"\1\", (void *) 0},/p'\'' -e '\''s/^[ABCDGIRSTW]* \([^ ]*\) \(lib[^ ]*\)$/  {"\2", (void *) \&\2},/p'\'' -e '\''s/^[ABCDGIRSTW]* \([^ ]*\) \([^ ]*\)$/  {"lib\2", (void *) \&\2},/p'\'''
lt_cv_sys_global_symbol_to_cdecl='sed -n -e '\''s/^T .* \(.*\)$/extern int \1();/p'\'' -e '\''s/^[ABCDGIRSTW]* .* \(.*\)$/extern char \1;/p'\'''
lt_cv_sys_max_cmd_len=3458764513820540925
lt_cv_to_host_file_cmd=func_convert_file_noop
lt_cv_to_tool_file_cmd=func_convert_file_noop

## ----------------- ##
## Output variables. ##
## ----------------- ##

ACLOCAL='${SHELL} /home/jude/Desktop/research/syndicate/common/libmicrohttpd-syndicate/missing --run aclocal-1.11'
AMDEPBACKSLASH='\'
AMDEP_FALSE='#'
AMDEP_TRUE=''
AMTAR='$${TAR-tar}'
AM_BACKSLASH='\'
AM_DEFAULT_V='$(AM_DEFAULT_VERBOSITY)'
AM_DEFAULT_VERBOSITY='1'
AM_V='$(V)'
AR='ar'
AS='as'
AUTOCONF='${SHELL} /home/jude/Desktop/research/syndicate/common/libmicrohttpd-syndicate/missing --run autoconf'
AUTOHEADER='${SHELL} /home/jude/Desktop/research/syndicate/common/libmicrohttpd-syndicate/missing --run autoheader'
AUTOMAKE='${SHELL} /home/jude/Desktop/research/syndicate/common/libmicrohttpd-syndicate/missing --run automake-1.11'
AWK='gawk'
CC='gcc'
CCDEPMODE='depmode=gcc3'
CFLAGS='-fno-strict-aliasing -g -O2'
CPP='gcc -E'
CPPFLAGS=''
CYGPATH_W='echo'
DEFS='-DHAVE_CONFIG_H'
DEPDIR='.deps'
DLLTOOL='dlltool'
DSYMUTIL=''
DUMPBIN=''
ECHO_C=''
ECHO_N='-n'
ECHO_T=''
EGREP='/bin/grep -E'
ENABLE_BAUTH_FALSE='#'
ENABLE_BAUTH_TRUE=''
ENABLE_DAUTH_FALSE='#'
ENABLE_DAUTH_TRUE=''
ENABLE_HTTPS_FALSE='#'
ENABLE_HTTPS_TRUE=''
ENABLE_MINITASN1_FALSE='#'
ENABLE_MINITASN1_TRUE=''
ENABLE_OPENSSL_FALSE=''
ENABLE_OPENSSL_TRUE='#'
EXEEXT=''
EXT_LIBS=''
EXT_LIB_PATH=''
FGREP='/bin/grep -F'
GREP='/bin/grep'
HAVE_CURL_BINARY='true'
HAVE_CURL_BINARY_FALSE='#'
HAVE_CURL_BINARY_TRUE=''
HAVE_CURL_FALSE='#'
HAVE_CURL_TRUE=''
HAVE_GNUTLS_FALSE='#'
HAVE_GNUTLS_TRUE=''
HAVE_GNU_LD_FALSE='#'
HAVE_GNU_LD_TRUE=''
HAVE_LD_OUTPUT_DEF_FALSE=''
HAVE_LD_OUTPUT_DEF_TRUE='#'
HAVE_LD_VERSION_SCRIPT_FALSE=''
HAVE_LD_VERSION_SCRIPT_TRUE='#'
HAVE_POSTPROCESSOR_FALSE='#'
HAVE_POSTPROCESSOR_TRUE=''
HAVE_SOCAT='0'
HAVE_SOCAT_FALSE=''
HAVE_SOCAT_TRUE='#'
HAVE_W32_FALSE=''
HAVE_W32_TRUE='#'
HAVE_ZZUF='0'
HAVE_ZZUF_FALSE=''
HAVE_ZZUF_TRUE='#'
INSTALL_DATA='${INSTALL} -m 644'
INSTALL_PROGRAM='${INSTALL}'
INSTALL_SCRIPT='${INSTALL}'
INSTALL_STRIP_PROGRAM='$(install_sh) -c -s'
LD='/usr/bin/ld -m elf_x86_64'
LDFLAGS=''
LIBCURL='-L/usr/lib/x86_64-linux-gnu -lcurl'
LIBCURL_CPPFLAGS=''
LIBGCRYPT_CFLAGS=''
LIBGCRYPT_CONFIG='/usr/bin/libgcrypt-config'
LIBGCRYPT_LIBS='-L/lib/x86_64-linux-gnu -lgcrypt'
LIBOBJS=''
LIBS='-lpthread '
LIBTOOL='$(SHELL) $(top_builddir)/libtool'
LIB_VERSION_AGE='16'
LIB_VERSION_CURRENT='26'
LIB_VERSION_REVISION='1'
LIPO=''
LN_S='ln -s'
LTLIBOBJS=''
MAKEINFO='${SHELL} /home/jude/Desktop/research/syndicate/common/libmicrohttpd-syndicate/missing --run makeinfo'
MANIFEST_TOOL=':'
MHD_LIBDEPS='-L/lib/x86_64-linux-gnu -lgcrypt'
MHD_LIB_LDFLAGS='-export-dynamic -no-undefined'
MKDIR_P='/bin/mkdir -p'
NM='/usr/bin/nm -B'
NMEDIT=''
OBJDUMP='objdump'
OBJEXT='o'
OTOOL64=''
OTOOL=''
PACKAGE='libmicrohttpd'
PACKAGE_BUGREPORT='libmicrohttpd@gnu.org'
PACKAGE_NAME='libmicrohttpd'
PACKAGE_STRING='libmicrohttpd 0.9.22'
PACKAGE_TARNAME='libmicrohttpd'
PACKAGE_URL=''
PACKAGE_VERSION='0.9.22'
PATH_SEPARATOR=':'
PLIBC_CPPFLAGS=''
PLIBC_LDFLAGS=''
PLIBC_LIBS=''
PTHREAD_CPPFLAGS=''
PTHREAD_LDFLAGS=''
PTHREAD_LIBS='-lpthread'
RANLIB='ranlib'
SED='/bin/sed'
SET_MAKE=''
SHELL='/bin/sh'
STRIP='strip'
USE_COVERAGE_FALSE=''
USE_COVERAGE_TRUE='#'
USE_PRIVATE_PLIBC_H_FALSE='#'
USE_PRIVATE_PLIBC_H_TRUE=''
VERSION='0.9.22'
_libcurl_config=''
ac_ct_AR='ar'
ac_ct_CC='gcc'
ac_ct_DUMPBIN=''
am__EXEEXT_FALSE=''
am__EXEEXT_TRUE='#'
am__fastdepCC_FALSE='#'
am__fastdepCC_TRUE=''
am__include='include'
am__isrc=''
am__leading_dot='.'
am__nodep='_no'
am__quote=''
am__tar='$${TAR-tar} chof - "$$tardir"'
am__untar='$${TAR-tar} xf -'
bindir='${exec_prefix}/bin'
build='x86_64-unknown-linux-gnu'
build_alias=''
build_cpu='x86_64'
build_os='linux-gnu'
build_vendor='unknown'
datadir='${datarootdir}'
datarootdir='${prefix}/share'
docdir='${datarootdir}/doc/${PACKAGE_TARNAME}'
dvidir='${docdir}'
exec_prefix='${prefix}'
host='x86_64-unknown-linux-gnu'
host_alias=''
host_cpu='x86_64'
host_os='linux-gnu'
host_vendor='unknown'
htmldir='${docdir}'
includedir='${prefix}/include'
infodir='${datarootdir}/info'
install_sh='${SHELL} /home/jude/Desktop/research/syndicate/common/libmicrohttpd-syndicate/install-sh'
libdir='${exec_prefix}/lib'
libexecdir='${exec_prefix}/libexec'
localedir='${datarootdir}/locale'
localstatedir='${prefix}/var'
mandir='${datarootdir}/man'
mkdir_p='/bin/mkdir -p'
oldincludedir='/usr/include'
pdfdir='${docdir}'
prefix='/home/jude/Desktop/research/syndicate/common/libmicrohttpd-syndicate/out'
program_transform_name='s,x,x,'
psdir='${docdir}'
sbindir='${exec_prefix}/sbin'
sharedstatedir='${prefix}/com'
sysconfdir='${prefix}/etc'
target_alias=''

## ----------- ##
## confdefs.h. ##
## ----------- ##

/* confdefs.h */
#define PACKAGE_NAME "libmicrohttpd"
#define PACKAGE_TARNAME "libmicrohttpd"
#define PACKAGE_VERSION "0.9.22"
#define PACKAGE_STRING "libmicrohttpd 0.9.22"
#define PACKAGE_BUGREPORT "libmicrohttpd@gnu.org"
#define PACKAGE_URL ""
#define PACKAGE "libmicrohttpd"
#define VERSION "0.9.22"
#define STDC_HEADERS 1
#define HAVE_SYS_TYPES_H 1
#define HAVE_SYS_STAT_H 1
#define HAVE_STDLIB_H 1
#define HAVE_STRING_H 1
#define HAVE_MEMORY_H 1
#define HAVE_STRINGS_H 1
#define HAVE_INTTYPES_H 1
#define HAVE_STDINT_H 1
#define HAVE_UNISTD_H 1
#define HAVE_DLFCN_H 1
#define LT_OBJDIR ".libs/"
#define LINUX 1
#define HAVE_LISTEN_SHUTDOWN 1
#define HAVE_FCNTL_H 1
#define HAVE_MATH_H 1
#define HAVE_ERRNO_H 1
#define HAVE_LIMITS_H 1
#define HAVE_STDIO_H 1
#define HAVE_LOCALE_H 1
#define HAVE_SYS_STAT_H 1
#define HAVE_SYS_TYPES_H 1
#define HAVE_PTHREAD_H 1
#define HAVE_SYS_TYPES_H 1
#define HAVE_SYS_TIME_H 1
#define HAVE_SYS_MSG_H 1
#define HAVE_NETDB_H 1
#define HAVE_NETINET_IN_H 1
#define HAVE_NETINET_TCP_H 1
#define HAVE_TIME_H 1
#define HAVE_SYS_SOCKET_H 1
#define HAVE_SYS_MMAN_H 1
#define HAVE_ARPA_INET_H 1
#define HAVE_SYS_SELECT_H 1
#define HAVE_POLL_H 1
#define HAVE_MEMMEM 1
#define HAVE_ACCEPT4 1
#define HAVE_CLOCK_GETTIME 1
#define HAVE_INET6 1
#define HAVE_DECL_TCP_CORK 1
#define HAVE_DECL_TCP_NOPUSH 0
#define HAVE_LIBCURL 1
#define LIBCURL_FEATURE_SSL 1
#define LIBCURL_FEATURE_IPV6 1
#define LIBCURL_FEATURE_LIBZ 1
#define LIBCURL_FEATURE_IDN 1
#define LIBCURL_FEATURE_NTLM 1
#define LIBCURL_FEATURE_NTLM_WB 1
#define LIBCURL_FEATURE_TLS_SRP 1
#define LIBCURL_PROTOCOL_DICT 1
#define LIBCURL_PROTOCOL_FILE 1
#define LIBCURL_PROTOCOL_FTP 1
#define LIBCURL_PROTOCOL_FTPS 1
#define LIBCURL_PROTOCOL_GOPHER 1
#define LIBCURL_PROTOCOL_HTTP 1
#define LIBCURL_PROTOCOL_HTTPS 1
#define LIBCURL_PROTOCOL_IMAP 1
#define LIBCURL_PROTOCOL_IMAPS 1
#define LIBCURL_PROTOCOL_LDAP 1
#define LIBCURL_PROTOCOL_LDAPS 1
#define LIBCURL_PROTOCOL_POP3 1
#define LIBCURL_PROTOCOL_POP3S 1
#define LIBCURL_PROTOCOL_RTMP 1
#define LIBCURL_PROTOCOL_RTSP 1
#define LIBCURL_PROTOCOL_SCP 1
#define LIBCURL_PROTOCOL_SFTP 1
#define LIBCURL_PROTOCOL_SMTP 1
#define LIBCURL_PROTOCOL_SMTPS 1
#define LIBCURL_PROTOCOL_TELNET 1
#define LIBCURL_PROTOCOL_TFTP 1
#define MHD_REQ_CURL_VERSION "7.16.4"
#define MHD_REQ_CURL_OPENSSL_VERSION "0.9.8"
#define MHD_REQ_CURL_GNUTLS_VERSION "2.8.6"
#define MHD_REQ_CURL_NSS_VERSION "3.12.0"
#define HAVE_FSEEKO 1
#define HAVE_MESSAGES 1
#define MHD_GCRYPT_VERSION "1:1.2.2"
#define HAVE_GNUTLS_GNUTLS_H 1
#define HAVE_GNUTLS true
#define HTTPS_SUPPORT 1
#define BAUTH_SUPPORT 1
#define DAUTH_SUPPORT 1

configure: exit 0
